[2016.01.30-19.33.56:806][  0]Log file open, 01/30/16 11:33:56
[2016.01.30-19.33.56:806][  0]LogInit:Display: Running engine for game: GGJ_2016
[2016.01.30-19.33.56:806][  0]LogPlatformFile: Not using cached read wrapper
[2016.01.30-19.33.56:806][  0]LogInit:Display: RandInit(-1776342122) SRandInit(-1776342117).
[2016.01.30-19.33.56:806][  0]LogTaskGraph: Started task graph with 4 named threads and 5 total threads.
[2016.01.30-19.33.56:806][  0]LogStats: Stats thread started at 0.296687
[2016.01.30-19.33.56:806][  0]LogInit: Version: 4.10.2-2818068+++depot+UE4-Releases+4.10
[2016.01.30-19.33.56:806][  0]LogInit: API Version: 2758231
[2016.01.30-19.33.56:806][  0]LogInit: Compiled (64-bit): Jan  6 2016 17:36:42
[2016.01.30-19.33.56:806][  0]LogInit: Compiled with Visual C++: 19.00.23026.00
[2016.01.30-19.33.56:806][  0]LogInit: Build Configuration: Development
[2016.01.30-19.33.56:806][  0]LogInit: Branch Name: ++depot+UE4-Releases+4.10
[2016.01.30-19.33.56:806][  0]LogInit: Command line:  
[2016.01.30-19.33.56:806][  0]LogInit: Base directory: C:/Program Files (x86)/Epic Games/4.10/Engine/Binaries/Win64/
[2016.01.30-19.33.56:806][  0]LogInit: Rocket: 1
[2016.01.30-19.33.56:889][  0]LogInit: Using libcurl 7.41.0
[2016.01.30-19.33.56:889][  0]LogInit:  - built for x86_64-pc-win32
[2016.01.30-19.33.56:889][  0]LogInit:  - supports SSL with WinSSL
[2016.01.30-19.33.56:889][  0]LogInit:  - other features:
[2016.01.30-19.33.56:889][  0]LogInit:      CURL_VERSION_SSL
[2016.01.30-19.33.56:889][  0]LogInit:      CURL_VERSION_IPV6
[2016.01.30-19.33.56:889][  0]LogInit:      CURL_VERSION_ASYNCHDNS
[2016.01.30-19.33.56:889][  0]LogInit:      CURL_VERSION_LARGEFILE
[2016.01.30-19.33.56:889][  0]LogInit:      CURL_VERSION_IDN
[2016.01.30-19.33.56:890][  0]LogInit:  CurlRequestOptions (configurable via config and command line):
[2016.01.30-19.33.56:890][  0]LogInit:  - bVerifyPeer = true  - Libcurl will verify peer certificate
[2016.01.30-19.33.56:890][  0]LogInit:  - bUseHttpProxy = false  - Libcurl will NOT use HTTP proxy
[2016.01.30-19.33.56:890][  0]LogInit:  - bDontReuseConnections = false  - Libcurl will reuse connections
[2016.01.30-19.33.56:890][  0]LogInit:  - CertBundlePath = nullptr  - Libcurl will use whatever was configured at build time.
[2016.01.30-19.33.57:028][  0]LogInit: Presizing for 0 objects not considered by GC, pre-allocating 0 bytes.
[2016.01.30-19.33.57:053][  0]LogInit: Object subsystem initialized
[2016.01.30-19.33.57:058][  0]LogInit: Selected Device Profile: [Windows]
[2016.01.30-19.33.57:058][  0]LogInit: Applying CVar settings loaded from the selected device profile: [Windows]
[2016.01.30-19.33.57:123][  0]LogInit: Computer: CHIMERA
[2016.01.30-19.33.57:123][  0]LogInit: User: Paul
[2016.01.30-19.33.57:123][  0]LogInit: CPU Page size=4096, Cores=2
[2016.01.30-19.33.57:123][  0]LogInit: High frequency timer resolution =2.539063 MHz
[2016.01.30-19.33.57:124][  0]LogMemory: Memory total: Physical=7.9GB (8GB approx)
[2016.01.30-19.33.57:124][  0]LogMemory: Platform Memory Stats for Windows
[2016.01.30-19.33.57:124][  0]LogMemory: Process Physical Memory: 54.32 MB used, 54.32 MB peak
[2016.01.30-19.33.57:124][  0]LogMemory: Process Virtual Memory: 57.27 MB used, 57.27 MB peak
[2016.01.30-19.33.57:124][  0]LogMemory: Physical Memory: 3155.69 MB used, 8100.26 MB total
[2016.01.30-19.33.57:124][  0]LogMemory: Virtual Memory: 365.89 MB used, 134217728.00 MB total
[2016.01.30-19.33.57:654][  0]LogTextLocalizationManager: No specific translations for ('en-US') exist, so ('en') translations will be used.
[2016.01.30-19.33.59:320][  0]LogD3D11RHI: Found D3D11 adapter 0: Intel(R) Iris(TM) Graphics 5100 (Feature Level 11_0)
[2016.01.30-19.33.59:321][  0]LogD3D11RHI: Adapter has 160MB of dedicated video memory, 0MB of dedicated system memory, and 1760MB of shared system memory, 1 output[s]
[2016.01.30-19.33.59:325][  0]LogD3D11RHI: Found D3D11 adapter 1: Microsoft Basic Render Driver (Feature Level 11_0)
[2016.01.30-19.33.59:325][  0]LogD3D11RHI: Adapter has 0MB of dedicated video memory, 0MB of dedicated system memory, and 256MB of shared system memory, 0 output[s]
[2016.01.30-19.33.59:325][  0]LogD3D11RHI: Chosen D3D11 Adapter Id = 0
[2016.01.30-19.33.59:337][  0]LogD3D11RHI: !Direct3DDevice
[2016.01.30-19.33.59:337][  0]LogRHI: Texture pool is 728 MB (70% of 1040 MB)
[2016.01.30-19.33.59:358][  0]LogD3D11RHI: Async texture creation enabled
[2016.01.30-19.33.59:377][  0]LogShaderCompilers: Guid format shader working directory is -18 characters bigger than the processId version (../../../../../../Users/Paul/Documents/GitHub/GGJ_2016/GGJ_2016/Intermediate/Shaders/WorkingDirectory/4056/).
[2016.01.30-19.33.59:377][  0]LogShaderCompilers: Cleaned the shader compiler working directory 'C:/Users/Paul/AppData/Local/Temp/UnrealShaderWorkingDir/D8B0E5E542655870780194B8736712C9/'.
[2016.01.30-19.33.59:377][  0]LogShaderCompilers:Display: Using Local Shader Compiler.
[2016.01.30-19.34.05:837][  0]LogTemp:Display: Loaded TP AllDesktopTargetPlatform
[2016.01.30-19.34.05:857][  0]LogTemp:Display: Loaded TP WindowsClientTargetPlatform
[2016.01.30-19.34.05:875][  0]LogTemp:Display: Loaded TP WindowsNoEditorTargetPlatform
[2016.01.30-19.34.05:894][  0]LogTemp:Display: Loaded TP WindowsServerTargetPlatform
[2016.01.30-19.34.05:913][  0]LogTemp:Display: Loaded TP WindowsTargetPlatform
[2016.01.30-19.34.05:930][  0]LogTemp:Display: Loaded TP AndroidTargetPlatform
[2016.01.30-19.34.05:942][  0]LogTemp:Display: Loaded TP Android_ASTCTargetPlatform
[2016.01.30-19.34.05:954][  0]LogTemp:Display: Loaded TP Android_ATCTargetPlatform
[2016.01.30-19.34.05:969][  0]LogTemp:Display: Loaded TP Android_DXTTargetPlatform
[2016.01.30-19.34.05:980][  0]LogTemp:Display: Loaded TP Android_ETC1TargetPlatform
[2016.01.30-19.34.05:994][  0]LogTemp:Display: Loaded TP Android_ETC2TargetPlatform
[2016.01.30-19.34.06:020][  0]LogTemp:Display: Loaded TP Android_MultiTargetPlatform
[2016.01.30-19.34.06:020][  0]LogTemp:Display: Loaded TP Android_PVRTCTargetPlatform
[2016.01.30-19.34.06:023][  0]LogTemp:Display: Loaded TP HTML5TargetPlatform
[2016.01.30-19.34.06:142][  0]LogTemp:Display: Loaded TP IOSTargetPlatform
[2016.01.30-19.34.06:153][  0]LogTemp:Display: Loaded TP LinuxNoEditorTargetPlatform
[2016.01.30-19.34.06:163][  0]LogTemp:Display: Loaded TP LinuxServerTargetPlatform
[2016.01.30-19.34.06:184][  0]LogTemp:Display: Loaded TP LinuxTargetPlatform
[2016.01.30-19.34.06:184][  0]LogTargetPlatformManager:Display: Building Assets For Windows
[2016.01.30-19.34.07:232][  0]LogDerivedDataCache:Display: Max Cache Size: 512 MB
[2016.01.30-19.34.07:605][  0]LogDerivedDataCache: Loaded boot cache 0.37s 41MB C:/Users/Paul/AppData/Local/UnrealEngine/4.10/DerivedDataCache/Boot.ddc.
[2016.01.30-19.34.07:605][  0]LogDerivedDataCache:Display: Loaded Boot cache: C:/Users/Paul/AppData/Local/UnrealEngine/4.10/DerivedDataCache/Boot.ddc
[2016.01.30-19.34.07:605][  0]LogDerivedDataCache: FDerivedDataBackendGraph:  Pak pak cache file ../../../../../../Users/Paul/Documents/GitHub/GGJ_2016/GGJ_2016/DerivedDataCache/DDC.ddp not found, will not use a pak cache.
[2016.01.30-19.34.07:605][  0]LogDerivedDataCache: Unable to find inner node Pak for hierarchical cache Hierarchy.
[2016.01.30-19.34.07:605][  0]LogDerivedDataCache: FDerivedDataBackendGraph:  CompressedPak pak cache file ../../../../../../Users/Paul/Documents/GitHub/GGJ_2016/GGJ_2016/DerivedDataCache/Compressed.ddp not found, will not use a pak cache.
[2016.01.30-19.34.07:605][  0]LogDerivedDataCache: Unable to find inner node CompressedPak for hierarchical cache Hierarchy.
[2016.01.30-19.34.07:893][  0]LogDerivedDataCache:Display: Pak cache opened for reading ../../../Engine/DerivedDataCache/Compressed.ddp.
[2016.01.30-19.34.07:908][  0]LogDerivedDataCache: Using Local data cache path C:/Users/Paul/AppData/Local/UnrealEngine/Common/DerivedDataCache: Writable
[2016.01.30-19.34.17:465][  0]LogInit: Selected Device Profile: [Windows]
[2016.01.30-19.34.17:478][  0]LogContentStreaming: Texture pool size is 0.000000MB
[2016.01.30-19.34.18:033][  0]LogMeshUtilities: No automatic mesh reduction module available
[2016.01.30-19.34.18:033][  0]LogMeshUtilities: No automatic mesh merging module available
[2016.01.30-19.34.19:777][  0]LogInit: WinSock: version 1.1 (2.2), MaxSocks=32767, MaxUdp=65467
[2016.01.30-19.34.25:672][  0]UdpMessaging: Initializing bridge on interface 0.0.0.0:0 to multicast group 230.0.0.1:6666.
[2016.01.30-19.34.25:919][  0]LogAssetRegistry: FAssetRegistry took 0.0123 seconds to start up
[2016.01.30-19.34.26:976][  0]SourceControl: Info Source control is disabled
[2016.01.30-19.34.26:980][  0]SourceControl: Info Source control is disabled
[2016.01.30-19.34.27:025][  0]SourceControl: Info Source control is disabled
[2016.01.30-19.34.27:071][  0]SourceControl: Info Source control is disabled
[2016.01.30-19.34.28:224][  0]LogObj: 28633 objects as part of root set at end of initial load.
[2016.01.30-19.34.28:225][  0]LogUObjectAllocator: 6099744 out of 0 bytes used by permanent object pool.
[2016.01.30-19.34.28:438][  0]LogEngine: Initializing Engine...
[2016.01.30-19.34.28:443][  0]LogHMD: Can't find Oculus library dev build: is proper Runtime installed? Version: 0.8.0.0
[2016.01.30-19.34.28:474][  0]LogHMD: SteamVR failed to initialize.  Err: 110
[2016.01.30-19.34.29:102][  0]LogAIModule: Creating AISystem for world NewWorld
[2016.01.30-19.34.29:117][  0]LogInit: XAudio2 using 'Speakers (Cirrus Logic CS4208 (AB 93))' : 4 channels at 48 kHz using 32 bits per sample (channel mask 0x33)
[2016.01.30-19.34.29:274][  0]LogInit: FAudioDevice initialized.
[2016.01.30-19.34.29:323][  0]LogDerivedDataCache: Saved boot cache 0.05s 41MB C:/Users/Paul/AppData/Local/UnrealEngine/4.10/DerivedDataCache/Boot.ddc.
[2016.01.30-19.34.29:337][  0]LogInit: Texture streaming: Enabled
[2016.01.30-19.34.29:356][  0]LogAnalytics: Creating configured Analytics provider AnalyticsET
[2016.01.30-19.34.29:357][  0]LogAnalytics: [UEEditor.Rocket.Release] APIServer = http://et2.epicgames.com/ET2/. AppVersion = 4.10.2-2818068+++depot+UE4-Releases+4.10
[2016.01.30-19.34.29:357][  0]LogAnalytics: [UEEditor.Rocket.Release] SetUserId 362219c549bb7219d0e0148472be20ae|1da279b326384d10a495b70656f3c788|94c531a8-ee2e-4a32-a9c2-6a3ccc1671a8
[2016.01.30-19.34.29:357][  0]LogAnalytics: [UEEditor.Rocket.Release] AnalyticsET::StartSession
[2016.01.30-19.34.29:377][  0]LogInit: Transaction tracking system initialized
[2016.01.30-19.34.29:464][  0]BlueprintLog: New page: Editor Load
[2016.01.30-19.34.29:724][  0]LocalizationService: Info Localization service is disabled
[2016.01.30-19.34.30:281][  0]LogConsoleResponse:Display: 
[2016.01.30-19.34.30:559][  0]LogCook:Display: Done creating registry. It took  0.00s.
[2016.01.30-19.34.30:708][  0]LogFileCache: Scanning file cache for directory 'C:/Users/Paul/Documents/GitHub/GGJ_2016/GGJ_2016/Content/' took 0.02s
[2016.01.30-19.34.30:708][  0]SourceControl: Info Source control is disabled
[2016.01.30-19.34.49:494][  0]LogWindowsTextInputMethodSystem:Display: IME system now deactivated.
[2016.01.30-19.34.49:516][  0]LogWindowsTextInputMethodSystem:Display: IME system now deactivated.
[2016.01.30-19.34.49:518][  0]Cmd: MAP LOAD FILE="../../../../../../Users/Paul/Documents/GitHub/GGJ_2016/GGJ_2016/Content/ThirdPersonBP/Maps/ThirdPersonExampleMap.umap" TEMPLATE=0 SHOWPROGRESS=1 FEATURELEVEL=3
[2016.01.30-19.34.49:521][  0]LightingResults: New page: Lighting Build
[2016.01.30-19.34.49:544][  0]MapCheck: New page: Map Check
[2016.01.30-19.34.49:545][  0]LightingResults: New page: Lighting Build
[2016.01.30-19.34.49:645][  0]LogParticles: Destroying 0 GPU particle simulations for FXSystem 0x000000D158AFBB00
[2016.01.30-19.34.51:404][  0]LogAIModule: Creating AISystem for world ThirdPersonExampleMap
[2016.01.30-19.34.51:442][  0]LogEditorServer: Finished looking for orphan Actors (0.000 secs)
[2016.01.30-19.34.51:474][  0]Cmd: MAP CHECKDEP NOCLEARLOG
[2016.01.30-19.34.51:628][  0]MapCheck: Info Map check complete: 0 Error(s), 0 Warning(s), took 153.772ms to complete.
[2016.01.30-19.34.51:628][  0]LogFileHelpers: Loading map 'ThirdPersonExampleMap' took 2.110
[2016.01.30-19.34.51:827][  0]LogCollectionManager: Loaded 0 collections in 0.006353 seconds
[2016.01.30-19.34.51:884][  0]LogFileCache: Scanning file cache for directory 'C:/Users/Paul/Documents/GitHub/GGJ_2016/GGJ_2016/Saved/Collections/' took 0.01s
[2016.01.30-19.34.51:884][  0]LogFileCache: Scanning file cache for directory 'C:/Users/Paul/Documents/GitHub/GGJ_2016/GGJ_2016/Content/Developers/Paul/Collections/' took 0.01s
[2016.01.30-19.34.51:884][  0]LogFileCache: Scanning file cache for directory 'C:/Users/Paul/Documents/GitHub/GGJ_2016/GGJ_2016/Content/Collections/' took 0.01s
[2016.01.30-19.34.51:884][  0]LogCollectionManager: Rebuilt the GUID cache for 0 collections in 0.000005 seconds
[2016.01.30-19.34.51:916][  0]LogContentBrowser: Native class hierarchy populated in 0.0311 seconds. Added 1893 classes and 338 folders.
[2016.01.30-19.34.51:941][  0]LogContentBrowser: Native class hierarchy updated for 'WidgetCarousel' in 0.0010 seconds. Added 0 classes and 0 folders.
[2016.01.30-19.34.52:556][  0]LogContentBrowser: Native class hierarchy updated for 'AddContentDialog' in 0.0010 seconds. Added 0 classes and 0 folders.
[2016.01.30-19.34.52:568][  0]LogContentBrowser: Native class hierarchy updated for 'SceneOutliner' in 0.0010 seconds. Added 1 classes and 2 folders.
[2016.01.30-19.34.52:633][  0]LogCrashTracker: Crashtracker disabled due to settings.
[2016.01.30-19.34.52:647][  0]LogUObjectGlobals:Warning: Failed to find object 'Class None.'
[2016.01.30-19.34.52:680][  0]LogStats:Warning: MetaData mismatch. Did you assign a stat to two groups? New //STATGROUP_Threads//SplashScreenThread///Thread_878_0///####STATCAT_Advanced#### old //STATGROUP_Threads//SplashScreenThread///Thread_984_0///####STATCAT_Advanced####
[2016.01.30-19.34.52:680][  0]LogLoad: Full Startup: 59.21 seconds (BP compile: 0.35 seconds)
[2016.01.30-19.34.52:704][  0]LogOcInput: Can't find Oculus library dev build: is proper Runtime installed? Version: 0.8.0.0
[2016.01.30-19.34.52:978][  0]LogContentStreaming: Texture pool size now 400 MB
[2016.01.30-19.34.53:444][  0]LogRenderer: Reallocating scene render targets to support 908x568 (Frame:2).
[2016.01.30-19.34.55:913][ 13]LogAssetRegistry: Asset discovery search completed in 30.0068 seconds
[2016.01.30-19.34.55:913][ 13]LogCollectionManager: Rebuilt the object cache for 0 collections in 0.000002 seconds (found 0 objects)
[2016.01.30-19.34.55:914][ 13]LogCollectionManager: Fixed up redirectors for 0 collections in 0.000113 seconds (updated 0 objects)
[2016.01.30-19.39.29:737][751]LogEditorViewport: Clicking on Actor (LMB): StaticMeshActor (Floor)
[2016.01.30-19.39.30:845][763]LogEditorViewport: Clicking on Actor (LMB): TriggerVolume (BedTrigger)
[2016.01.30-19.39.31:283][771]LogEditorViewport: Clicking on Actor (LMB): TriggerVolume (BedTrigger)
[2016.01.30-19.39.57:223][611]LogLinker:Warning: Asset '../../../Engine/Content/ArtTools/RenderToTexture/Macros/RenderToTextureMacros.uasset' has been saved with empty engine version. The asset will be loaded but may be incompatible.
[2016.01.30-19.39.58:691][611]LogContentBrowser: Native class hierarchy updated for 'BlueprintGraph' in 0.0024 seconds. Added 107 classes and 0 folders.
[2016.01.30-19.42.42:754][ 60]LogEditorViewport: Clicking on Actor (LMB): StaticMeshActor (Floor)
[2016.01.30-19.42.43:758][ 87]LogEditorViewport: Clicking on Actor (LMB): StaticMeshActor (Floor)
[2016.01.30-19.42.44:876][121]LogEditorViewport: Clicking on Actor (LMB): StaticMeshActor (Floor)
[2016.01.30-19.42.45:271][131]LogEditorViewport: Clicking on Actor (LMB): StaticMeshActor (Floor)
[2016.01.30-19.42.45:921][150]LogEditorViewport: Clicking on Actor (LMB): StaticMeshActor (Floor)
[2016.01.30-19.42.46:489][167]LogEditorViewport: Clicking on Actor (context menu): StaticMeshActor (Floor)
[2016.01.30-19.43.03:963][871]LogEditorViewport: Clicking on Actor (LMB): StaticMeshActor (Floor)
[2016.01.30-19.43.09:463][ 35]LogEditorViewport: Clicking on Actor (LMB): StaticMeshActor (Floor)
[2016.01.30-19.43.56:820][424]LogEditorViewport: Clicking on Actor (LMB): StaticMeshActor (Floor)
[2016.01.30-19.44.05:888][696]LogEditorViewport: Clicking on Actor (context menu): Actor (Actor)
[2016.01.30-19.44.09:484][823]Cmd: DELETE
[2016.01.30-19.44.09:484][823]Cmd: ACTOR DELETE
[2016.01.30-19.44.09:485][823]LogEditorActor: Deleted Actor: Actor
[2016.01.30-19.44.09:488][823]LogActorComponent: UnregisterComponent: (/Engine/Transient.CharMoveComp) Not registered. Aborting.
[2016.01.30-19.44.09:623][823]LogParticles: Destroying 0 GPU particle simulations for FXSystem 0x000000D16F2BB240
[2016.01.30-19.44.09:645][823]LogEditorActor: Deleted 1 Actors (0.162 secs)
[2016.01.30-19.44.32:522][680]LogEditorViewport: Clicking on Actor (LMB): TriggerVolume (BedTrigger)
[2016.01.30-19.44.46:289][105]Cmd: BRUSH ADD SELECTNEWBRUSH
[2016.01.30-19.46.23:135][  2]Cmd: DELETE
[2016.01.30-19.46.23:135][  2]Cmd: ACTOR DELETE
[2016.01.30-19.46.23:136][  2]LogEditorActor: Deleted Actor: Brush
[2016.01.30-19.46.23:302][  2]LogEditorActor: Deleted 1 Actors (0.167 secs)
[2016.01.30-19.46.24:547][ 44]LogEditorViewport: Clicking on Actor (LMB): TriggerVolume (BedTrigger)
[2016.01.30-19.48.01:110][ 38]LogWindowsTextInputMethodSystem:Display: IME system now deactivated.
[2016.01.30-19.48.01:110][ 38]LogWindowsTextInputMethodSystem:Display: IME system now deactivated.
[2016.01.30-19.49.50:033][168]LogActorComponent: UnregisterComponent: (/Engine/Transient.CharMoveComp) Not registered. Aborting.
[2016.01.30-19.49.52:417][168]LogSavePackage: Save=2164.999023ms
[2016.01.30-19.49.52:417][168]LogSavePackage: Moving '../../../../../../Users/Paul/Documents/GitHub/GGJ_2016/GGJ_2016/Saved/ThirdPersonExampleMap_Auto1B4CD15CC4557C4D0707F5ABC2268AE54.tmp' to '../../../../../../Users/Paul/Documents/GitHub/GGJ_2016/GGJ_2016/Saved/Autosaves/Game/ThirdPersonBP/Maps/ThirdPersonExampleMap_Auto1.umap'
[2016.01.30-19.49.52:425][168]LogSavePackage: Total save time: 2228.946269ms
[2016.01.30-19.49.52:425][168]LogSavePackage:Display: Finished SavePackage ../../../../../../Users/Paul/Documents/GitHub/GGJ_2016/GGJ_2016/Saved/Autosaves/Game/ThirdPersonBP/Maps/ThirdPersonExampleMap_Auto1.umap
[2016.01.30-19.49.52:437][168]LogFileHelpers: Editor autosave (incl. sublevels) for '/Game/ThirdPersonBP/Maps/ThirdPersonExampleMap' took 2.404
[2016.01.30-19.49.52:437][168]LogFileHelpers: Editor autosave (incl. sublevels) for all levels took 2.404
[2016.01.30-19.49.52:451][168]OBJ SavePackage: Generating thumbnails for [0] asset(s) in package [/Game/ThirdPersonBP/Blueprints/NewFunctionLibrary] ([1] browsable assets)...
[2016.01.30-19.49.52:451][168]OBJ SavePackage: Finished generating thumbnails for package [/Game/ThirdPersonBP/Blueprints/NewFunctionLibrary]
[2016.01.30-19.49.52:469][168]LogSavePackage: Save=13.639677ms
[2016.01.30-19.49.52:469][168]LogSavePackage: Moving '../../../../../../Users/Paul/Documents/GitHub/GGJ_2016/GGJ_2016/Saved/NewFunctionLibrary_Auto1E2BBB32246A64027D9029DB4C7504C15.tmp' to '../../../../../../Users/Paul/Documents/GitHub/GGJ_2016/GGJ_2016/Saved/Autosaves/Game/ThirdPersonBP/Blueprints/NewFunctionLibrary_Auto1.uasset'
[2016.01.30-19.49.52:472][168]LogSavePackage: Total save time: 17.863281ms
[2016.01.30-19.49.52:472][168]LogSavePackage:Display: Finished SavePackage ../../../../../../Users/Paul/Documents/GitHub/GGJ_2016/GGJ_2016/Saved/Autosaves/Game/ThirdPersonBP/Blueprints/NewFunctionLibrary_Auto1.uasset
[2016.01.30-19.49.52:473][168]LogFileHelpers: Auto-saving content packages took 0.033
[2016.01.30-19.50.26:331][356]LogActorComponent: UnregisterComponent: (/Engine/Transient.CharMoveComp) Not registered. Aborting.
[2016.01.30-19.50.26:535][356]LogSavePackage: Save=14.404921ms
[2016.01.30-19.50.26:535][356]LogSavePackage: Moving '../../../../../../Users/Paul/Documents/GitHub/GGJ_2016/GGJ_2016/Saved/RitualTaskCommandsAA54E24C482A6D8BF57FCE9194BF4181.tmp' to '../../../../../../Users/Paul/Documents/GitHub/GGJ_2016/GGJ_2016/Content/ThirdPersonBP/Blueprints/RitualTaskCommands.uasset'
[2016.01.30-19.50.26:542][356]LogSavePackage: Total save time: 21.559134ms
[2016.01.30-19.50.26:542][356]LogSavePackage:Display: Finished SavePackage ../../../../../../Users/Paul/Documents/GitHub/GGJ_2016/GGJ_2016/Content/ThirdPersonBP/Blueprints/RitualTaskCommands.uasset
[2016.01.30-19.54.29:894][940]LogVSAccessor:Warning: Couldn't goto line number '1' in 'C:/Program Files (x86)/Epic Games/4.10/Engine/Source/Runtime/Engine/Classes/Engine/TriggerVolume.h'
[2016.01.30-19.59.52:071][  9]LogEditorViewport: Clicking on Actor (LMB): StaticMeshActor (Floor)
[2016.01.30-19.59.52:473][ 17]LogEditorViewport: Clicking on Actor (context menu): StaticMeshActor (Floor)
[2016.01.30-20.00.25:377][ 65]LogActorComponent: UnregisterComponent: (/Engine/Transient.CharMoveComp) Not registered. Aborting.
[2016.01.30-20.00.25:491][ 65]LogParticles: Destroying 0 GPU particle simulations for FXSystem 0x000000D17F6218A0
[2016.01.30-20.00.25:494][ 65]LogParticles: Destroying 0 GPU particle simulations for FXSystem 0x000000D15D089EE0
[2016.01.30-20.00.25:496][ 65]LogParticles: Destroying 0 GPU particle simulations for FXSystem 0x000000D1716A2D40
[2016.01.30-20.00.25:500][ 65]LogParticles: Destroying 0 GPU particle simulations for FXSystem 0x000000D15E355260
[2016.01.30-20.01.23:114][409]LogEditorViewport: Clicking on Actor (context menu): TriggerBox (TriggerBox)
[2016.01.30-20.01.28:690][616]Cmd: DELETE
[2016.01.30-20.01.28:690][616]Cmd: ACTOR DELETE
[2016.01.30-20.01.28:691][616]LogEditorActor: Deleted Actor: TriggerBox
[2016.01.30-20.01.28:698][616]LogActorComponent: UnregisterComponent: (/Engine/Transient.CharMoveComp) Not registered. Aborting.
[2016.01.30-20.01.28:808][616]LogEditorActor: Deleted 1 Actors (0.118 secs)
[2016.01.30-20.02.25:164][860]LogActorComponent: UnregisterComponent: (/Engine/Transient.CharMoveComp) Not registered. Aborting.
[2016.01.30-20.02.28:189][860]LogSavePackage: Save=2589.107422ms
[2016.01.30-20.02.28:189][860]LogSavePackage: Moving '../../../../../../Users/Paul/Documents/GitHub/GGJ_2016/GGJ_2016/Saved/ThirdPersonExampleMap_Auto2ACC6A8B7417631D171E0F2A47F99F4B4.tmp' to '../../../../../../Users/Paul/Documents/GitHub/GGJ_2016/GGJ_2016/Saved/Autosaves/Game/ThirdPersonBP/Maps/ThirdPersonExampleMap_Auto2.umap'
[2016.01.30-20.02.28:218][860]LogSavePackage: Total save time: 2680.528998ms
[2016.01.30-20.02.28:218][860]LogSavePackage:Display: Finished SavePackage ../../../../../../Users/Paul/Documents/GitHub/GGJ_2016/GGJ_2016/Saved/Autosaves/Game/ThirdPersonBP/Maps/ThirdPersonExampleMap_Auto2.umap
[2016.01.30-20.02.28:243][860]LogFileHelpers: Editor autosave (incl. sublevels) for '/Game/ThirdPersonBP/Maps/ThirdPersonExampleMap' took 3.079
[2016.01.30-20.02.28:243][860]LogFileHelpers: Editor autosave (incl. sublevels) for all levels took 3.079
[2016.01.30-20.02.28:288][860]LogSavePackage: Save=10.732699ms
[2016.01.30-20.02.28:288][860]LogSavePackage: Moving '../../../../../../Users/Paul/Documents/GitHub/GGJ_2016/GGJ_2016/Saved/NewFunctionLibrary_Auto2411BB1444F8F76331457778BFD278F78.tmp' to '../../../../../../Users/Paul/Documents/GitHub/GGJ_2016/GGJ_2016/Saved/Autosaves/Game/ThirdPersonBP/Blueprints/NewFunctionLibrary_Auto2.uasset'
[2016.01.30-20.02.28:291][860]LogSavePackage: Total save time: 15.083518ms
[2016.01.30-20.02.28:292][860]LogSavePackage:Display: Finished SavePackage ../../../../../../Users/Paul/Documents/GitHub/GGJ_2016/GGJ_2016/Saved/Autosaves/Game/ThirdPersonBP/Blueprints/NewFunctionLibrary_Auto2.uasset
[2016.01.30-20.02.28:292][860]LogFileHelpers: Auto-saving content packages took 0.044
[2016.01.30-20.05.09:139][702]LogSlate:Warning: Prevented a slow task dialog from being summoned while a context menu was open
[2016.01.30-20.14.01:085][261]BlueprintLog: New page: Compile ThirdPersonExampleMap
[2016.01.30-20.14.01:385][261]BlueprintEditorCompileResults: Info [2407.91] Compile of ThirdPersonExampleMap successful! [in 299 ms]
[2016.01.30-20.15.24:048][227]LogActorComponent: UnregisterComponent: (/Engine/Transient.CharMoveComp) Not registered. Aborting.
[2016.01.30-20.15.26:491][227]LogSavePackage: Save=2258.300049ms
[2016.01.30-20.15.26:491][227]LogSavePackage: Moving '../../../../../../Users/Paul/Documents/GitHub/GGJ_2016/GGJ_2016/Saved/ThirdPersonExampleMap_Auto3CCF7199046E4CA338843C9A03DDE672F.tmp' to '../../../../../../Users/Paul/Documents/GitHub/GGJ_2016/GGJ_2016/Saved/Autosaves/Game/ThirdPersonBP/Maps/ThirdPersonExampleMap_Auto3.umap'
[2016.01.30-20.15.26:500][227]LogSavePackage: Total save time: 2313.624360ms
[2016.01.30-20.15.26:500][227]LogSavePackage:Display: Finished SavePackage ../../../../../../Users/Paul/Documents/GitHub/GGJ_2016/GGJ_2016/Saved/Autosaves/Game/ThirdPersonBP/Maps/ThirdPersonExampleMap_Auto3.umap
[2016.01.30-20.15.26:505][227]LogFileHelpers: Editor autosave (incl. sublevels) for '/Game/ThirdPersonBP/Maps/ThirdPersonExampleMap' took 2.457
[2016.01.30-20.15.26:505][227]LogFileHelpers: Editor autosave (incl. sublevels) for all levels took 2.457
[2016.01.30-20.22.38:651][ 22]LogBlueprintUserMessages: Early PlayInEditor Detection: Level '/Game/ThirdPersonBP/Maps/ThirdPersonExampleMap.ThirdPersonExampleMap:PersistentLevel' has LevelScriptBlueprint '/Game/ThirdPersonBP/Maps/ThirdPersonExampleMap.ThirdPersonExampleMap:PersistentLevel.ThirdPersonExampleMap' with GeneratedClass '/Game/ThirdPersonBP/Maps/ThirdPersonExampleMap.ThirdPersonExampleMap_C' with ClassGeneratedBy '/Game/ThirdPersonBP/Maps/ThirdPersonExampleMap.ThirdPersonExampleMap:PersistentLevel.ThirdPersonExampleMap'
[2016.01.30-20.22.38:651][ 22]BlueprintLog: New page: Pre-Play auto-recompile
[2016.01.30-20.22.38:672][ 22]LogPlayLevel: [PlayLevel] Compiling ThirdPersonExampleMap before play...
[2016.01.30-20.22.38:864][ 22]LogPlayLevel: PlayLevel: Blueprint regeneration took 213 ms (1 blueprints)
[2016.01.30-20.22.38:864][ 22]LogActorComponent: UnregisterComponent: (/Engine/Transient.CharMoveComp) Not registered. Aborting.
[2016.01.30-20.22.39:002][ 22]PIE: New page: PIE session: ThirdPersonExampleMap (Jan 30, 2016, 4:22:39 AM)
[2016.01.30-20.22.39:002][ 22]LogPlayLevel: Creating play world package: /Game/ThirdPersonBP/Maps/UEDPIE_0_ThirdPersonExampleMap
[2016.01.30-20.22.39:126][ 22]LogPlayLevel: PIE: StaticDuplicateObject took: (0.123856s)
[2016.01.30-20.22.39:144][ 22]LogAIModule: Creating AISystem for world ThirdPersonExampleMap
[2016.01.30-20.22.39:145][ 22]LogPlayLevel: PIE: World Init took: (0.009686s)
[2016.01.30-20.22.39:145][ 22]LogPlayLevel: PIE: Created PIE world by copying editor world from /Game/ThirdPersonBP/Maps/ThirdPersonExampleMap.ThirdPersonExampleMap to /Game/ThirdPersonBP/Maps/UEDPIE_0_ThirdPersonExampleMap.ThirdPersonExampleMap (0.143505s)
[2016.01.30-20.22.39:275][ 22]LogInit: XAudio2 using 'Speakers (Cirrus Logic CS4208 (AB 93))' : 4 channels at 48 kHz using 32 bits per sample (channel mask 0x33)
[2016.01.30-20.22.39:293][ 22]LogInit: FAudioDevice initialized.
[2016.01.30-20.22.39:375][ 22]LogWorld: Game class is 'ThirdPersonGameMode_C'
[2016.01.30-20.22.39:390][ 22]LogWorld: Bringing World /Game/ThirdPersonBP/Maps/UEDPIE_0_ThirdPersonExampleMap.ThirdPersonExampleMap up for play (max tick rate 60) at 2016.01.30-12.22.39
[2016.01.30-20.22.39:390][ 22]LogActor:Warning: GameSession /Game/ThirdPersonBP/Maps/UEDPIE_0_ThirdPersonExampleMap.ThirdPersonExampleMap:PersistentLevel.GameSession_0 has natively added scene component(s), but none of them were set as the actor's RootComponent - picking one arbitrarily
[2016.01.30-20.22.39:390][ 22]LogActor:Warning: GameNetworkManager /Game/ThirdPersonBP/Maps/UEDPIE_0_ThirdPersonExampleMap.ThirdPersonExampleMap:PersistentLevel.GameNetworkManager_0 has natively added scene component(s), but none of them were set as the actor's RootComponent - picking one arbitrarily
[2016.01.30-20.22.39:392][ 22]LogWorld: Bringing up level for play took: 0.014299
[2016.01.30-20.22.39:396][ 22]PIE: Info Play in editor start time for /Game/ThirdPersonBP/Maps/UEDPIE_0_ThirdPersonExampleMap 0.712
[2016.01.30-20.22.39:396][ 22]LogBlueprintUserMessages: Late PlayInEditor Detection: Level '/Game/ThirdPersonBP/Maps/ThirdPersonExampleMap.ThirdPersonExampleMap:PersistentLevel' has LevelScriptBlueprint '/Game/ThirdPersonBP/Maps/ThirdPersonExampleMap.ThirdPersonExampleMap:PersistentLevel.ThirdPersonExampleMap' with GeneratedClass '/Game/ThirdPersonBP/Maps/ThirdPersonExampleMap.ThirdPersonExampleMap_C' with ClassGeneratedBy '/Game/ThirdPersonBP/Maps/ThirdPersonExampleMap.ThirdPersonExampleMap:PersistentLevel.ThirdPersonExampleMap'
[2016.01.30-20.22.42:226][ 72]LogBlueprintUserMessages: Early EndPlayMap Detection: Level '/Game/ThirdPersonBP/Maps/ThirdPersonExampleMap.ThirdPersonExampleMap:PersistentLevel' has LevelScriptBlueprint '/Game/ThirdPersonBP/Maps/ThirdPersonExampleMap.ThirdPersonExampleMap:PersistentLevel.ThirdPersonExampleMap' with GeneratedClass '/Game/ThirdPersonBP/Maps/ThirdPersonExampleMap.ThirdPersonExampleMap_C' with ClassGeneratedBy '/Game/ThirdPersonBP/Maps/ThirdPersonExampleMap.ThirdPersonExampleMap:PersistentLevel.ThirdPersonExampleMap'
[2016.01.30-20.22.42:304][ 72]LogBlueprintUserMessages: Late EndPlayMap Detection: Level '/Game/ThirdPersonBP/Maps/ThirdPersonExampleMap.ThirdPersonExampleMap:PersistentLevel' has LevelScriptBlueprint '/Game/ThirdPersonBP/Maps/ThirdPersonExampleMap.ThirdPersonExampleMap:PersistentLevel.ThirdPersonExampleMap' with GeneratedClass '/Game/ThirdPersonBP/Maps/ThirdPersonExampleMap.ThirdPersonExampleMap_C' with ClassGeneratedBy '/Game/ThirdPersonBP/Maps/ThirdPersonExampleMap.ThirdPersonExampleMap:PersistentLevel.ThirdPersonExampleMap'
[2016.01.30-20.22.42:545][ 73]LogParticles: Destroying 0 GPU particle simulations for FXSystem 0x000000D119468E00
[2016.01.30-20.22.43:640][ 94]BlueprintLog: New page: Compile ThirdPersonExampleMap
[2016.01.30-20.22.43:934][ 94]BlueprintEditorCompileResults: Info [2930.46] Compile of ThirdPersonExampleMap successful! [in 293 ms]
[2016.01.30-20.22.50:427][248]LogBlueprintUserMessages: Early PlayInEditor Detection: Level '/Game/ThirdPersonBP/Maps/ThirdPersonExampleMap.ThirdPersonExampleMap:PersistentLevel' has LevelScriptBlueprint '/Game/ThirdPersonBP/Maps/ThirdPersonExampleMap.ThirdPersonExampleMap:PersistentLevel.ThirdPersonExampleMap' with GeneratedClass '/Game/ThirdPersonBP/Maps/ThirdPersonExampleMap.ThirdPersonExampleMap_C' with ClassGeneratedBy '/Game/ThirdPersonBP/Maps/ThirdPersonExampleMap.ThirdPersonExampleMap:PersistentLevel.ThirdPersonExampleMap'
[2016.01.30-20.22.50:428][248]LogPlayLevel: PlayLevel: No blueprints needed recompiling
[2016.01.30-20.22.50:428][248]PIE: New page: PIE session: ThirdPersonExampleMap (Jan 30, 2016, 4:22:50 AM)
[2016.01.30-20.22.50:428][248]LogPlayLevel: Creating play world package: /Game/ThirdPersonBP/Maps/UEDPIE_0_ThirdPersonExampleMap
[2016.01.30-20.22.50:536][248]LogPlayLevel: PIE: StaticDuplicateObject took: (0.107826s)
[2016.01.30-20.22.50:538][248]LogAIModule: Creating AISystem for world ThirdPersonExampleMap
[2016.01.30-20.22.50:538][248]LogPlayLevel: PIE: World Init took: (0.002211s)
[2016.01.30-20.22.50:539][248]LogPlayLevel: PIE: Created PIE world by copying editor world from /Game/ThirdPersonBP/Maps/ThirdPersonExampleMap.ThirdPersonExampleMap to /Game/ThirdPersonBP/Maps/UEDPIE_0_ThirdPersonExampleMap.ThirdPersonExampleMap (0.110657s)
[2016.01.30-20.22.50:662][248]LogInit: XAudio2 using 'Speakers (Cirrus Logic CS4208 (AB 93))' : 4 channels at 48 kHz using 32 bits per sample (channel mask 0x33)
[2016.01.30-20.22.50:676][248]LogInit: FAudioDevice initialized.
[2016.01.30-20.22.50:735][248]LogWorld: Game class is 'ThirdPersonGameMode_C'
[2016.01.30-20.22.50:749][248]LogWorld: Bringing World /Game/ThirdPersonBP/Maps/UEDPIE_0_ThirdPersonExampleMap.ThirdPersonExampleMap up for play (max tick rate 60) at 2016.01.30-12.22.50
[2016.01.30-20.22.50:749][248]LogActor:Warning: GameSession /Game/ThirdPersonBP/Maps/UEDPIE_0_ThirdPersonExampleMap.ThirdPersonExampleMap:PersistentLevel.GameSession_1 has natively added scene component(s), but none of them were set as the actor's RootComponent - picking one arbitrarily
[2016.01.30-20.22.50:750][248]LogActor:Warning: GameNetworkManager /Game/ThirdPersonBP/Maps/UEDPIE_0_ThirdPersonExampleMap.ThirdPersonExampleMap:PersistentLevel.GameNetworkManager_1 has natively added scene component(s), but none of them were set as the actor's RootComponent - picking one arbitrarily
[2016.01.30-20.22.50:751][248]LogWorld: Bringing up level for play took: 0.014003
[2016.01.30-20.22.50:754][248]PIE: Info Play in editor start time for /Game/ThirdPersonBP/Maps/UEDPIE_0_ThirdPersonExampleMap 0.07
[2016.01.30-20.22.50:754][248]LogBlueprintUserMessages: Late PlayInEditor Detection: Level '/Game/ThirdPersonBP/Maps/ThirdPersonExampleMap.ThirdPersonExampleMap:PersistentLevel' has LevelScriptBlueprint '/Game/ThirdPersonBP/Maps/ThirdPersonExampleMap.ThirdPersonExampleMap:PersistentLevel.ThirdPersonExampleMap' with GeneratedClass '/Game/ThirdPersonBP/Maps/ThirdPersonExampleMap.ThirdPersonExampleMap_C' with ClassGeneratedBy '/Game/ThirdPersonBP/Maps/ThirdPersonExampleMap.ThirdPersonExampleMap:PersistentLevel.ThirdPersonExampleMap'
[2016.01.30-20.22.52:370][299]LogBlueprintUserMessages: [ThirdPersonExampleMap_C_1] Hello
[2016.01.30-20.22.53:077][324]LogBlueprintUserMessages: [ThirdPersonExampleMap_C_1] Hello
[2016.01.30-20.22.53:598][343]LogBlueprintUserMessages: [ThirdPersonExampleMap_C_1] Hello
[2016.01.30-20.22.54:533][378]LogBlueprintUserMessages: [ThirdPersonExampleMap_C_1] Hello
[2016.01.30-20.22.57:555][485]LogBlueprintUserMessages: [ThirdPersonExampleMap_C_1] Hello
[2016.01.30-20.22.59:425][551]LogBlueprintUserMessages: Early EndPlayMap Detection: Level '/Game/ThirdPersonBP/Maps/ThirdPersonExampleMap.ThirdPersonExampleMap:PersistentLevel' has LevelScriptBlueprint '/Game/ThirdPersonBP/Maps/ThirdPersonExampleMap.ThirdPersonExampleMap:PersistentLevel.ThirdPersonExampleMap' with GeneratedClass '/Game/ThirdPersonBP/Maps/ThirdPersonExampleMap.ThirdPersonExampleMap_C' with ClassGeneratedBy '/Game/ThirdPersonBP/Maps/ThirdPersonExampleMap.ThirdPersonExampleMap:PersistentLevel.ThirdPersonExampleMap'
[2016.01.30-20.22.59:477][551]LogBlueprintUserMessages: Late EndPlayMap Detection: Level '/Game/ThirdPersonBP/Maps/ThirdPersonExampleMap.ThirdPersonExampleMap:PersistentLevel' has LevelScriptBlueprint '/Game/ThirdPersonBP/Maps/ThirdPersonExampleMap.ThirdPersonExampleMap:PersistentLevel.ThirdPersonExampleMap' with GeneratedClass '/Game/ThirdPersonBP/Maps/ThirdPersonExampleMap.ThirdPersonExampleMap_C' with ClassGeneratedBy '/Game/ThirdPersonBP/Maps/ThirdPersonExampleMap.ThirdPersonExampleMap:PersistentLevel.ThirdPersonExampleMap'
[2016.01.30-20.22.59:593][551]LogParticles: Destroying 0 GPU particle simulations for FXSystem 0x000000D110943920
[2016.01.30-20.23.51:066][730]BlueprintLog: New page: Compile ThirdPersonExampleMap
[2016.01.30-20.23.51:238][730]LogActorComponent: UnregisterComponent: (/Engine/Transient.CharMoveComp) Not registered. Aborting.
[2016.01.30-20.23.51:366][730]BlueprintEditorCompileResults: Info [2997.89] Compile of ThirdPersonExampleMap successful! [in 300 ms]
[2016.01.30-20.23.59:047][919]LogBlueprintUserMessages: Early PlayInEditor Detection: Level '/Game/ThirdPersonBP/Maps/ThirdPersonExampleMap.ThirdPersonExampleMap:PersistentLevel' has LevelScriptBlueprint '/Game/ThirdPersonBP/Maps/ThirdPersonExampleMap.ThirdPersonExampleMap:PersistentLevel.ThirdPersonExampleMap' with GeneratedClass '/Game/ThirdPersonBP/Maps/ThirdPersonExampleMap.ThirdPersonExampleMap_C' with ClassGeneratedBy '/Game/ThirdPersonBP/Maps/ThirdPersonExampleMap.ThirdPersonExampleMap:PersistentLevel.ThirdPersonExampleMap'
[2016.01.30-20.23.59:047][919]LogPlayLevel: PlayLevel: No blueprints needed recompiling
[2016.01.30-20.23.59:047][919]PIE: New page: PIE session: ThirdPersonExampleMap (Jan 30, 2016, 4:23:59 AM)
[2016.01.30-20.23.59:047][919]LogPlayLevel: Creating play world package: /Game/ThirdPersonBP/Maps/UEDPIE_0_ThirdPersonExampleMap
[2016.01.30-20.23.59:165][919]LogPlayLevel: PIE: StaticDuplicateObject took: (0.117190s)
[2016.01.30-20.23.59:167][919]LogAIModule: Creating AISystem for world ThirdPersonExampleMap
[2016.01.30-20.23.59:168][919]LogPlayLevel: PIE: World Init took: (0.002195s)
[2016.01.30-20.23.59:168][919]LogPlayLevel: PIE: Created PIE world by copying editor world from /Game/ThirdPersonBP/Maps/ThirdPersonExampleMap.ThirdPersonExampleMap to /Game/ThirdPersonBP/Maps/UEDPIE_0_ThirdPersonExampleMap.ThirdPersonExampleMap (0.119998s)
[2016.01.30-20.23.59:276][919]LogParticles: Destroying 0 GPU particle simulations for FXSystem 0x000000D170CF49A0
[2016.01.30-20.23.59:291][919]LogInit: XAudio2 using 'Speakers (Cirrus Logic CS4208 (AB 93))' : 4 channels at 48 kHz using 32 bits per sample (channel mask 0x33)
[2016.01.30-20.23.59:305][919]LogInit: FAudioDevice initialized.
[2016.01.30-20.23.59:365][919]LogWorld: Game class is 'ThirdPersonGameMode_C'
[2016.01.30-20.23.59:377][919]LogWorld: Bringing World /Game/ThirdPersonBP/Maps/UEDPIE_0_ThirdPersonExampleMap.ThirdPersonExampleMap up for play (max tick rate 60) at 2016.01.30-12.23.59
[2016.01.30-20.23.59:377][919]LogActor:Warning: GameSession /Game/ThirdPersonBP/Maps/UEDPIE_0_ThirdPersonExampleMap.ThirdPersonExampleMap:PersistentLevel.GameSession_2 has natively added scene component(s), but none of them were set as the actor's RootComponent - picking one arbitrarily
[2016.01.30-20.23.59:378][919]LogActor:Warning: GameNetworkManager /Game/ThirdPersonBP/Maps/UEDPIE_0_ThirdPersonExampleMap.ThirdPersonExampleMap:PersistentLevel.GameNetworkManager_2 has natively added scene component(s), but none of them were set as the actor's RootComponent - picking one arbitrarily
[2016.01.30-20.23.59:379][919]LogWorld: Bringing up level for play took: 0.012684
[2016.01.30-20.23.59:382][919]PIE: Info Play in editor start time for /Game/ThirdPersonBP/Maps/UEDPIE_0_ThirdPersonExampleMap 0.698
[2016.01.30-20.23.59:382][919]LogBlueprintUserMessages: Late PlayInEditor Detection: Level '/Game/ThirdPersonBP/Maps/ThirdPersonExampleMap.ThirdPersonExampleMap:PersistentLevel' has LevelScriptBlueprint '/Game/ThirdPersonBP/Maps/ThirdPersonExampleMap.ThirdPersonExampleMap:PersistentLevel.ThirdPersonExampleMap' with GeneratedClass '/Game/ThirdPersonBP/Maps/ThirdPersonExampleMap.ThirdPersonExampleMap_C' with ClassGeneratedBy '/Game/ThirdPersonBP/Maps/ThirdPersonExampleMap.ThirdPersonExampleMap:PersistentLevel.ThirdPersonExampleMap'
[2016.01.30-20.24.00:646][962]LogBlueprintUserMessages: [ThirdPersonExampleMap_C_2] yay
[2016.01.30-20.24.01:494][997]LogBlueprintUserMessages: [ThirdPersonExampleMap_C_2] boo
[2016.01.30-20.24.02:216][ 29]LogBlueprintUserMessages: [ThirdPersonExampleMap_C_2] boo
[2016.01.30-20.24.02:957][ 61]LogBlueprintUserMessages: [ThirdPersonExampleMap_C_2] boo
[2016.01.30-20.24.06:051][197]LogBlueprintUserMessages: [ThirdPersonExampleMap_C_2] boo
[2016.01.30-20.24.07:865][274]LogBlueprintUserMessages: [ThirdPersonExampleMap_C_2] boo
[2016.01.30-20.24.09:610][349]LogBlueprintUserMessages: [ThirdPersonExampleMap_C_2] boo
[2016.01.30-20.24.23:776][925]LogBlueprintUserMessages: Early EndPlayMap Detection: Level '/Game/ThirdPersonBP/Maps/ThirdPersonExampleMap.ThirdPersonExampleMap:PersistentLevel' has LevelScriptBlueprint '/Game/ThirdPersonBP/Maps/ThirdPersonExampleMap.ThirdPersonExampleMap:PersistentLevel.ThirdPersonExampleMap' with GeneratedClass '/Game/ThirdPersonBP/Maps/ThirdPersonExampleMap.ThirdPersonExampleMap_C' with ClassGeneratedBy '/Game/ThirdPersonBP/Maps/ThirdPersonExampleMap.ThirdPersonExampleMap:PersistentLevel.ThirdPersonExampleMap'
[2016.01.30-20.24.23:828][925]LogBlueprintUserMessages: Late EndPlayMap Detection: Level '/Game/ThirdPersonBP/Maps/ThirdPersonExampleMap.ThirdPersonExampleMap:PersistentLevel' has LevelScriptBlueprint '/Game/ThirdPersonBP/Maps/ThirdPersonExampleMap.ThirdPersonExampleMap:PersistentLevel.ThirdPersonExampleMap' with GeneratedClass '/Game/ThirdPersonBP/Maps/ThirdPersonExampleMap.ThirdPersonExampleMap_C' with ClassGeneratedBy '/Game/ThirdPersonBP/Maps/ThirdPersonExampleMap.ThirdPersonExampleMap:PersistentLevel.ThirdPersonExampleMap'
[2016.01.30-20.24.23:941][925]LogParticles: Destroying 0 GPU particle simulations for FXSystem 0x000000D170EB53A0
[2016.01.30-20.27.04:479][630]LogBlueprintUserMessages: Early PlayInEditor Detection: Level '/Game/ThirdPersonBP/Maps/ThirdPersonExampleMap.ThirdPersonExampleMap:PersistentLevel' has LevelScriptBlueprint '/Game/ThirdPersonBP/Maps/ThirdPersonExampleMap.ThirdPersonExampleMap:PersistentLevel.ThirdPersonExampleMap' with GeneratedClass '/Game/ThirdPersonBP/Maps/ThirdPersonExampleMap.ThirdPersonExampleMap_C' with ClassGeneratedBy '/Game/ThirdPersonBP/Maps/ThirdPersonExampleMap.ThirdPersonExampleMap:PersistentLevel.ThirdPersonExampleMap'
[2016.01.30-20.27.04:479][630]BlueprintLog: New page: Pre-Play auto-recompile
[2016.01.30-20.27.04:494][630]LogPlayLevel: [PlayLevel] Compiling ThirdPersonExampleMap before play...
[2016.01.30-20.27.04:680][630]LogPlayLevel: PlayLevel: Blueprint regeneration took 200 ms (1 blueprints)
[2016.01.30-20.27.04:680][630]LogActorComponent: UnregisterComponent: (/Engine/Transient.CharMoveComp) Not registered. Aborting.
[2016.01.30-20.27.04:814][630]PIE: New page: PIE session: ThirdPersonExampleMap (Jan 30, 2016, 4:27:04 AM)
[2016.01.30-20.27.04:815][630]LogPlayLevel: Creating play world package: /Game/ThirdPersonBP/Maps/UEDPIE_0_ThirdPersonExampleMap
[2016.01.30-20.27.04:950][630]LogPlayLevel: PIE: StaticDuplicateObject took: (0.135324s)
[2016.01.30-20.27.04:967][630]LogAIModule: Creating AISystem for world ThirdPersonExampleMap
[2016.01.30-20.27.04:967][630]LogPlayLevel: PIE: World Init took: (0.017320s)
[2016.01.30-20.27.04:968][630]LogPlayLevel: PIE: Created PIE world by copying editor world from /Game/ThirdPersonBP/Maps/ThirdPersonExampleMap.ThirdPersonExampleMap to /Game/ThirdPersonBP/Maps/UEDPIE_0_ThirdPersonExampleMap.ThirdPersonExampleMap (0.153383s)
[2016.01.30-20.27.05:097][630]LogInit: XAudio2 using 'Speakers (Cirrus Logic CS4208 (AB 93))' : 4 channels at 48 kHz using 32 bits per sample (channel mask 0x33)
[2016.01.30-20.27.05:113][630]LogInit: FAudioDevice initialized.
[2016.01.30-20.27.05:173][630]LogWorld: Game class is 'ThirdPersonGameMode_C'
[2016.01.30-20.27.05:188][630]LogWorld: Bringing World /Game/ThirdPersonBP/Maps/UEDPIE_0_ThirdPersonExampleMap.ThirdPersonExampleMap up for play (max tick rate 60) at 2016.01.30-12.27.05
[2016.01.30-20.27.05:188][630]LogActor:Warning: GameSession /Game/ThirdPersonBP/Maps/UEDPIE_0_ThirdPersonExampleMap.ThirdPersonExampleMap:PersistentLevel.GameSession_3 has natively added scene component(s), but none of them were set as the actor's RootComponent - picking one arbitrarily
[2016.01.30-20.27.05:188][630]LogActor:Warning: GameNetworkManager /Game/ThirdPersonBP/Maps/UEDPIE_0_ThirdPersonExampleMap.ThirdPersonExampleMap:PersistentLevel.GameNetworkManager_3 has natively added scene component(s), but none of them were set as the actor's RootComponent - picking one arbitrarily
[2016.01.30-20.27.05:189][630]LogWorld: Bringing up level for play took: 0.015009
[2016.01.30-20.27.05:193][630]PIE: Info Play in editor start time for /Game/ThirdPersonBP/Maps/UEDPIE_0_ThirdPersonExampleMap 0.509
[2016.01.30-20.27.05:193][630]LogBlueprintUserMessages: Late PlayInEditor Detection: Level '/Game/ThirdPersonBP/Maps/ThirdPersonExampleMap.ThirdPersonExampleMap:PersistentLevel' has LevelScriptBlueprint '/Game/ThirdPersonBP/Maps/ThirdPersonExampleMap.ThirdPersonExampleMap:PersistentLevel.ThirdPersonExampleMap' with GeneratedClass '/Game/ThirdPersonBP/Maps/ThirdPersonExampleMap.ThirdPersonExampleMap_C' with ClassGeneratedBy '/Game/ThirdPersonBP/Maps/ThirdPersonExampleMap.ThirdPersonExampleMap:PersistentLevel.ThirdPersonExampleMap'
[2016.01.30-20.27.09:423][698]LogBlueprintUserMessages: [ThirdPersonExampleMap_C_3] yay
[2016.01.30-20.27.15:448][817]LogBlueprintDebug:Warning: Hit breakpoint on node 'CallFunc_PrintString', from offset 10
[2016.01.30-20.27.15:449][817]LogBlueprintDebug: 
Script call stack:
	Function /Game/ThirdPersonBP/Maps/ThirdPersonExampleMap.ThirdPersonExampleMap_C:InpActEvt_Q_K2Node_InputKeyEvent_7
	Function /Game/ThirdPersonBP/Maps/ThirdPersonExampleMap.ThirdPersonExampleMap_C:ExecuteUbergraph_ThirdPersonExampleMap

[2016.01.30-20.27.42:489][817]LogBlueprintUserMessages: [ThirdPersonExampleMap_C_3] boo
[2016.01.30-20.27.46:194][907]LogBlueprintDebug:Warning: Hit breakpoint on node 'CallFunc_PrintString', from offset 10
[2016.01.30-20.27.46:194][907]LogBlueprintDebug: 
Script call stack:
	Function /Game/ThirdPersonBP/Maps/ThirdPersonExampleMap.ThirdPersonExampleMap_C:InpActEvt_Q_K2Node_InputKeyEvent_7
	Function /Game/ThirdPersonBP/Maps/ThirdPersonExampleMap.ThirdPersonExampleMap_C:ExecuteUbergraph_ThirdPersonExampleMap

[2016.01.30-20.27.51:903][907]LogBlueprintUserMessages: [ThirdPersonExampleMap_C_3] boo
[2016.01.30-20.28.00:312][ 89]LogBlueprintDebug:Warning: Hit breakpoint on node 'CallFunc_PrintString', from offset 10
[2016.01.30-20.28.00:312][ 89]LogBlueprintDebug: 
Script call stack:
	Function /Game/ThirdPersonBP/Maps/ThirdPersonExampleMap.ThirdPersonExampleMap_C:InpActEvt_Q_K2Node_InputKeyEvent_7
	Function /Game/ThirdPersonBP/Maps/ThirdPersonExampleMap.ThirdPersonExampleMap_C:ExecuteUbergraph_ThirdPersonExampleMap

[2016.01.30-20.28.06:604][ 89]LogBlueprintUserMessages: [ThirdPersonExampleMap_C_3] boo
[2016.01.30-20.28.17:962][346]LogBlueprintDebug:Warning: Hit breakpoint on node 'CallFunc_PrintString', from offset 10
[2016.01.30-20.28.17:962][346]LogBlueprintDebug: 
Script call stack:
	Function /Game/ThirdPersonBP/Maps/ThirdPersonExampleMap.ThirdPersonExampleMap_C:InpActEvt_Q_K2Node_InputKeyEvent_7
	Function /Game/ThirdPersonBP/Maps/ThirdPersonExampleMap.ThirdPersonExampleMap_C:ExecuteUbergraph_ThirdPersonExampleMap

[2016.01.30-20.28.19:967][346]LogBlueprintUserMessages: [ThirdPersonExampleMap_C_3] boo
[2016.01.30-20.28.31:936][619]LogBlueprintDebug:Warning: Hit breakpoint on node 'K2Node_InputKey', from offset 742
[2016.01.30-20.28.31:936][619]LogBlueprintDebug: 
Script call stack:
	Function /Game/ThirdPersonBP/Maps/ThirdPersonExampleMap.ThirdPersonExampleMap_C:InpActEvt_Q_K2Node_InputKeyEvent_7
	Function /Game/ThirdPersonBP/Maps/ThirdPersonExampleMap.ThirdPersonExampleMap_C:ExecuteUbergraph_ThirdPersonExampleMap

[2016.01.30-20.28.37:010][619]LogBlueprintDebug:Warning: Hit breakpoint on node 'CallFunc_PrintString', from offset 10
[2016.01.30-20.28.37:011][619]LogBlueprintDebug: 
Script call stack:
	Function /Game/ThirdPersonBP/Maps/ThirdPersonExampleMap.ThirdPersonExampleMap_C:InpActEvt_Q_K2Node_InputKeyEvent_7
	Function /Game/ThirdPersonBP/Maps/ThirdPersonExampleMap.ThirdPersonExampleMap_C:ExecuteUbergraph_ThirdPersonExampleMap

[2016.01.30-20.28.37:952][619]LogBlueprintUserMessages: [ThirdPersonExampleMap_C_3] boo
[2016.01.30-20.28.57:516][ 72]LogBlueprintUserMessages: Early EndPlayMap Detection: Level '/Game/ThirdPersonBP/Maps/ThirdPersonExampleMap.ThirdPersonExampleMap:PersistentLevel' has LevelScriptBlueprint '/Game/ThirdPersonBP/Maps/ThirdPersonExampleMap.ThirdPersonExampleMap:PersistentLevel.ThirdPersonExampleMap' with GeneratedClass '/Game/ThirdPersonBP/Maps/ThirdPersonExampleMap.ThirdPersonExampleMap_C' with ClassGeneratedBy '/Game/ThirdPersonBP/Maps/ThirdPersonExampleMap.ThirdPersonExampleMap:PersistentLevel.ThirdPersonExampleMap'
[2016.01.30-20.28.57:582][ 72]LogBlueprintUserMessages: Late EndPlayMap Detection: Level '/Game/ThirdPersonBP/Maps/ThirdPersonExampleMap.ThirdPersonExampleMap:PersistentLevel' has LevelScriptBlueprint '/Game/ThirdPersonBP/Maps/ThirdPersonExampleMap.ThirdPersonExampleMap:PersistentLevel.ThirdPersonExampleMap' with GeneratedClass '/Game/ThirdPersonBP/Maps/ThirdPersonExampleMap.ThirdPersonExampleMap_C' with ClassGeneratedBy '/Game/ThirdPersonBP/Maps/ThirdPersonExampleMap.ThirdPersonExampleMap:PersistentLevel.ThirdPersonExampleMap'
[2016.01.30-20.28.57:886][ 73]LogParticles: Destroying 0 GPU particle simulations for FXSystem 0x000000D1105D80E0
[2016.01.30-20.29.37:105][871]LogBlueprintUserMessages: Early PlayInEditor Detection: Level '/Game/ThirdPersonBP/Maps/ThirdPersonExampleMap.ThirdPersonExampleMap:PersistentLevel' has LevelScriptBlueprint '/Game/ThirdPersonBP/Maps/ThirdPersonExampleMap.ThirdPersonExampleMap:PersistentLevel.ThirdPersonExampleMap' with GeneratedClass '/Game/ThirdPersonBP/Maps/ThirdPersonExampleMap.ThirdPersonExampleMap_C' with ClassGeneratedBy '/Game/ThirdPersonBP/Maps/ThirdPersonExampleMap.ThirdPersonExampleMap:PersistentLevel.ThirdPersonExampleMap'
[2016.01.30-20.29.37:105][871]BlueprintLog: New page: Pre-Play auto-recompile
[2016.01.30-20.29.37:119][871]LogPlayLevel: [PlayLevel] Compiling ThirdPersonExampleMap before play...
[2016.01.30-20.29.37:305][871]LogPlayLevel: PlayLevel: Blueprint regeneration took 200 ms (1 blueprints)
[2016.01.30-20.29.37:427][871]PIE: New page: PIE session: ThirdPersonExampleMap (Jan 30, 2016, 4:29:37 AM)
[2016.01.30-20.29.37:427][871]LogPlayLevel: Creating play world package: /Game/ThirdPersonBP/Maps/UEDPIE_0_ThirdPersonExampleMap
[2016.01.30-20.29.37:520][871]LogPlayLevel: PIE: StaticDuplicateObject took: (0.092778s)
[2016.01.30-20.29.37:522][871]LogAIModule: Creating AISystem for world ThirdPersonExampleMap
[2016.01.30-20.29.37:523][871]LogPlayLevel: PIE: World Init took: (0.002710s)
[2016.01.30-20.29.37:523][871]LogPlayLevel: PIE: Created PIE world by copying editor world from /Game/ThirdPersonBP/Maps/ThirdPersonExampleMap.ThirdPersonExampleMap to /Game/ThirdPersonBP/Maps/UEDPIE_0_ThirdPersonExampleMap.ThirdPersonExampleMap (0.096005s)
[2016.01.30-20.29.37:650][871]LogInit: XAudio2 using 'Speakers (Cirrus Logic CS4208 (AB 93))' : 4 channels at 48 kHz using 32 bits per sample (channel mask 0x33)
[2016.01.30-20.29.37:666][871]LogInit: FAudioDevice initialized.
[2016.01.30-20.29.37:725][871]LogWorld: Game class is 'ThirdPersonGameMode_C'
[2016.01.30-20.29.37:739][871]LogWorld: Bringing World /Game/ThirdPersonBP/Maps/UEDPIE_0_ThirdPersonExampleMap.ThirdPersonExampleMap up for play (max tick rate 60) at 2016.01.30-12.29.37
[2016.01.30-20.29.37:740][871]LogActor:Warning: GameSession /Game/ThirdPersonBP/Maps/UEDPIE_0_ThirdPersonExampleMap.ThirdPersonExampleMap:PersistentLevel.GameSession_4 has natively added scene component(s), but none of them were set as the actor's RootComponent - picking one arbitrarily
[2016.01.30-20.29.37:740][871]LogActor:Warning: GameNetworkManager /Game/ThirdPersonBP/Maps/UEDPIE_0_ThirdPersonExampleMap.ThirdPersonExampleMap:PersistentLevel.GameNetworkManager_4 has natively added scene component(s), but none of them were set as the actor's RootComponent - picking one arbitrarily
[2016.01.30-20.29.37:741][871]LogWorld: Bringing up level for play took: 0.014226
[2016.01.30-20.29.37:745][871]PIE: Info Play in editor start time for /Game/ThirdPersonBP/Maps/UEDPIE_0_ThirdPersonExampleMap 1.062
[2016.01.30-20.29.37:745][871]LogBlueprintUserMessages: Late PlayInEditor Detection: Level '/Game/ThirdPersonBP/Maps/ThirdPersonExampleMap.ThirdPersonExampleMap:PersistentLevel' has LevelScriptBlueprint '/Game/ThirdPersonBP/Maps/ThirdPersonExampleMap.ThirdPersonExampleMap:PersistentLevel.ThirdPersonExampleMap' with GeneratedClass '/Game/ThirdPersonBP/Maps/ThirdPersonExampleMap.ThirdPersonExampleMap_C' with ClassGeneratedBy '/Game/ThirdPersonBP/Maps/ThirdPersonExampleMap.ThirdPersonExampleMap:PersistentLevel.ThirdPersonExampleMap'
[2016.01.30-20.29.50:090][132]LogBlueprintUserMessages: [ThirdPersonExampleMap_C_2] yay
[2016.01.30-20.29.50:833][149]LogBlueprintUserMessages: [ThirdPersonExampleMap_C_2] yay
[2016.01.30-20.29.51:471][164]LogBlueprintUserMessages: [ThirdPersonExampleMap_C_2] yay
[2016.01.30-20.29.51:994][176]LogBlueprintUserMessages: [ThirdPersonExampleMap_C_2] yay
[2016.01.30-20.29.52:645][191]LogBlueprintDebug:Warning: Hit breakpoint on node 'CallFunc_PrintString', from offset 10
[2016.01.30-20.29.52:645][191]LogBlueprintDebug: 
Script call stack:
	Function /Game/ThirdPersonBP/Maps/ThirdPersonExampleMap.ThirdPersonExampleMap_C:InpActEvt_E_K2Node_InputKeyEvent_8
	Function /Game/ThirdPersonBP/Maps/ThirdPersonExampleMap.ThirdPersonExampleMap_C:ExecuteUbergraph_ThirdPersonExampleMap

[2016.01.30-20.29.54:525][191]LogBlueprintUserMessages: [ThirdPersonExampleMap_C_2] boo
[2016.01.30-20.29.54:528][191]LogBlueprintUserMessages: Early EndPlayMap Detection: Level '/Game/ThirdPersonBP/Maps/ThirdPersonExampleMap.ThirdPersonExampleMap:PersistentLevel' has LevelScriptBlueprint '/Game/ThirdPersonBP/Maps/ThirdPersonExampleMap.ThirdPersonExampleMap:PersistentLevel.ThirdPersonExampleMap' with GeneratedClass '/Game/ThirdPersonBP/Maps/ThirdPersonExampleMap.ThirdPersonExampleMap_C' with ClassGeneratedBy '/Game/ThirdPersonBP/Maps/ThirdPersonExampleMap.ThirdPersonExampleMap:PersistentLevel.ThirdPersonExampleMap'
[2016.01.30-20.29.54:590][191]LogBlueprintUserMessages: Late EndPlayMap Detection: Level '/Game/ThirdPersonBP/Maps/ThirdPersonExampleMap.ThirdPersonExampleMap:PersistentLevel' has LevelScriptBlueprint '/Game/ThirdPersonBP/Maps/ThirdPersonExampleMap.ThirdPersonExampleMap:PersistentLevel.ThirdPersonExampleMap' with GeneratedClass '/Game/ThirdPersonBP/Maps/ThirdPersonExampleMap.ThirdPersonExampleMap_C' with ClassGeneratedBy '/Game/ThirdPersonBP/Maps/ThirdPersonExampleMap.ThirdPersonExampleMap:PersistentLevel.ThirdPersonExampleMap'
[2016.01.30-20.29.54:820][192]LogParticles: Destroying 0 GPU particle simulations for FXSystem 0x000000D11B7FCE00
[2016.01.30-20.30.22:224][826]BlueprintLog: New page: Compile ThirdPersonExampleMap
[2016.01.30-20.30.22:524][826]BlueprintEditorCompileResults: Info [3389.05] Compile of ThirdPersonExampleMap successful! [in 300 ms]
[2016.01.30-20.30.24:334][876]LogBlueprintUserMessages: Early PlayInEditor Detection: Level '/Game/ThirdPersonBP/Maps/ThirdPersonExampleMap.ThirdPersonExampleMap:PersistentLevel' has LevelScriptBlueprint '/Game/ThirdPersonBP/Maps/ThirdPersonExampleMap.ThirdPersonExampleMap:PersistentLevel.ThirdPersonExampleMap' with GeneratedClass '/Game/ThirdPersonBP/Maps/ThirdPersonExampleMap.ThirdPersonExampleMap_C' with ClassGeneratedBy '/Game/ThirdPersonBP/Maps/ThirdPersonExampleMap.ThirdPersonExampleMap:PersistentLevel.ThirdPersonExampleMap'
[2016.01.30-20.30.24:334][876]LogPlayLevel: PlayLevel: No blueprints needed recompiling
[2016.01.30-20.30.24:334][876]PIE: New page: PIE session: ThirdPersonExampleMap (Jan 30, 2016, 4:30:24 AM)
[2016.01.30-20.30.24:334][876]LogPlayLevel: Creating play world package: /Game/ThirdPersonBP/Maps/UEDPIE_0_ThirdPersonExampleMap
[2016.01.30-20.30.24:440][876]LogPlayLevel: PIE: StaticDuplicateObject took: (0.105880s)
[2016.01.30-20.30.24:444][876]LogAIModule: Creating AISystem for world ThirdPersonExampleMap
[2016.01.30-20.30.24:445][876]LogPlayLevel: PIE: World Init took: (0.004471s)
[2016.01.30-20.30.24:445][876]LogPlayLevel: PIE: Created PIE world by copying editor world from /Game/ThirdPersonBP/Maps/ThirdPersonExampleMap.ThirdPersonExampleMap to /Game/ThirdPersonBP/Maps/UEDPIE_0_ThirdPersonExampleMap.ThirdPersonExampleMap (0.110956s)
[2016.01.30-20.30.24:572][876]LogParticles: Destroying 0 GPU particle simulations for FXSystem 0x000000D17D7AF9C0
[2016.01.30-20.30.24:572][876]LogInit: XAudio2 using 'Speakers (Cirrus Logic CS4208 (AB 93))' : 4 channels at 48 kHz using 32 bits per sample (channel mask 0x33)
[2016.01.30-20.30.24:587][876]LogInit: FAudioDevice initialized.
[2016.01.30-20.30.24:649][876]LogWorld: Game class is 'ThirdPersonGameMode_C'
[2016.01.30-20.30.24:663][876]LogWorld: Bringing World /Game/ThirdPersonBP/Maps/UEDPIE_0_ThirdPersonExampleMap.ThirdPersonExampleMap up for play (max tick rate 60) at 2016.01.30-12.30.24
[2016.01.30-20.30.24:664][876]LogActor:Warning: GameSession /Game/ThirdPersonBP/Maps/UEDPIE_0_ThirdPersonExampleMap.ThirdPersonExampleMap:PersistentLevel.GameSession_5 has natively added scene component(s), but none of them were set as the actor's RootComponent - picking one arbitrarily
[2016.01.30-20.30.24:664][876]LogActor:Warning: GameNetworkManager /Game/ThirdPersonBP/Maps/UEDPIE_0_ThirdPersonExampleMap.ThirdPersonExampleMap:PersistentLevel.GameNetworkManager_5 has natively added scene component(s), but none of them were set as the actor's RootComponent - picking one arbitrarily
[2016.01.30-20.30.24:665][876]LogWorld: Bringing up level for play took: 0.015308
[2016.01.30-20.30.24:668][876]PIE: Info Play in editor start time for /Game/ThirdPersonBP/Maps/UEDPIE_0_ThirdPersonExampleMap -0.015
[2016.01.30-20.30.24:669][876]LogBlueprintUserMessages: Late PlayInEditor Detection: Level '/Game/ThirdPersonBP/Maps/ThirdPersonExampleMap.ThirdPersonExampleMap:PersistentLevel' has LevelScriptBlueprint '/Game/ThirdPersonBP/Maps/ThirdPersonExampleMap.ThirdPersonExampleMap:PersistentLevel.ThirdPersonExampleMap' with GeneratedClass '/Game/ThirdPersonBP/Maps/ThirdPersonExampleMap.ThirdPersonExampleMap_C' with ClassGeneratedBy '/Game/ThirdPersonBP/Maps/ThirdPersonExampleMap.ThirdPersonExampleMap:PersistentLevel.ThirdPersonExampleMap'
[2016.01.30-20.30.25:464][901]LogBlueprintUserMessages: [ThirdPersonExampleMap_C_3] yay
[2016.01.30-20.30.25:764][914]LogBlueprintUserMessages: [ThirdPersonExampleMap_C_3] yay
[2016.01.30-20.30.26:087][927]LogBlueprintUserMessages: [ThirdPersonExampleMap_C_3] yay
[2016.01.30-20.30.26:347][938]LogBlueprintUserMessages: [ThirdPersonExampleMap_C_3] yay
[2016.01.30-20.30.26:563][947]LogBlueprintUserMessages: [ThirdPersonExampleMap_C_3] yay
[2016.01.30-20.30.26:815][958]LogBlueprintUserMessages: [ThirdPersonExampleMap_C_3] yay
[2016.01.30-20.30.27:213][976]LogBlueprintUserMessages: [ThirdPersonExampleMap_C_3] boo
[2016.01.30-20.30.27:615][994]LogBlueprintUserMessages: [ThirdPersonExampleMap_C_3] boo
[2016.01.30-20.30.28:115][ 16]LogBlueprintUserMessages: [ThirdPersonExampleMap_C_3] boo
[2016.01.30-20.30.28:524][ 33]LogBlueprintUserMessages: [ThirdPersonExampleMap_C_3] boo
[2016.01.30-20.30.29:527][ 78]LogBlueprintUserMessages: [ThirdPersonExampleMap_C_3] yay
[2016.01.30-20.30.29:700][ 86]LogBlueprintUserMessages: [ThirdPersonExampleMap_C_3] yay
[2016.01.30-20.30.29:878][ 94]LogBlueprintUserMessages: [ThirdPersonExampleMap_C_3] yay
[2016.01.30-20.30.30:032][101]LogBlueprintUserMessages: [ThirdPersonExampleMap_C_3] yay
[2016.01.30-20.30.30:141][106]LogBlueprintUserMessages: [ThirdPersonExampleMap_C_3] yay
[2016.01.30-20.30.30:300][113]LogBlueprintUserMessages: [ThirdPersonExampleMap_C_3] yay
[2016.01.30-20.30.30:432][119]LogBlueprintUserMessages: [ThirdPersonExampleMap_C_3] yay
[2016.01.30-20.30.30:563][125]LogBlueprintUserMessages: [ThirdPersonExampleMap_C_3] yay
[2016.01.30-20.30.30:649][129]LogBlueprintUserMessages: [ThirdPersonExampleMap_C_3] yay
[2016.01.30-20.30.30:759][134]LogBlueprintUserMessages: [ThirdPersonExampleMap_C_3] yay
[2016.01.30-20.30.30:824][137]LogBlueprintUserMessages: [ThirdPersonExampleMap_C_3] yay
[2016.01.30-20.30.30:913][141]LogBlueprintUserMessages: [ThirdPersonExampleMap_C_3] yay
[2016.01.30-20.30.30:981][144]LogBlueprintUserMessages: [ThirdPersonExampleMap_C_3] yay
[2016.01.30-20.30.31:048][147]LogBlueprintUserMessages: [ThirdPersonExampleMap_C_3] yay
[2016.01.30-20.30.31:140][151]LogBlueprintUserMessages: [ThirdPersonExampleMap_C_3] yay
[2016.01.30-20.30.31:205][154]LogBlueprintUserMessages: [ThirdPersonExampleMap_C_3] yay
[2016.01.30-20.30.31:275][157]LogBlueprintUserMessages: [ThirdPersonExampleMap_C_3] yay
[2016.01.30-20.30.31:340][160]LogBlueprintUserMessages: [ThirdPersonExampleMap_C_3] yay
[2016.01.30-20.30.31:428][164]LogBlueprintUserMessages: [ThirdPersonExampleMap_C_3] yay
[2016.01.30-20.30.31:500][167]LogBlueprintUserMessages: [ThirdPersonExampleMap_C_3] yay
[2016.01.30-20.30.31:569][170]LogBlueprintUserMessages: [ThirdPersonExampleMap_C_3] yay
[2016.01.30-20.30.31:617][172]LogBlueprintUserMessages: [ThirdPersonExampleMap_C_3] yay
[2016.01.30-20.30.31:732][177]LogBlueprintUserMessages: [ThirdPersonExampleMap_C_3] yay
[2016.01.30-20.30.31:783][179]LogBlueprintUserMessages: [ThirdPersonExampleMap_C_3] yay
[2016.01.30-20.30.31:883][183]LogBlueprintUserMessages: [ThirdPersonExampleMap_C_3] yay
[2016.01.30-20.30.31:933][185]LogBlueprintUserMessages: [ThirdPersonExampleMap_C_3] yay
[2016.01.30-20.30.32:028][189]LogBlueprintUserMessages: [ThirdPersonExampleMap_C_3] yay
[2016.01.30-20.30.32:096][192]LogBlueprintUserMessages: [ThirdPersonExampleMap_C_3] yay
[2016.01.30-20.30.32:185][196]LogBlueprintUserMessages: [ThirdPersonExampleMap_C_3] yay
[2016.01.30-20.30.32:275][200]LogBlueprintUserMessages: [ThirdPersonExampleMap_C_3] yay
[2016.01.30-20.30.32:344][203]LogBlueprintUserMessages: [ThirdPersonExampleMap_C_3] yay
[2016.01.30-20.30.32:412][206]LogBlueprintUserMessages: [ThirdPersonExampleMap_C_3] yay
[2016.01.30-20.30.32:504][210]LogBlueprintUserMessages: [ThirdPersonExampleMap_C_3] yay
[2016.01.30-20.30.32:575][213]LogBlueprintUserMessages: [ThirdPersonExampleMap_C_3] yay
[2016.01.30-20.30.32:666][217]LogBlueprintUserMessages: [ThirdPersonExampleMap_C_3] yay
[2016.01.30-20.30.32:735][220]LogBlueprintUserMessages: [ThirdPersonExampleMap_C_3] yay
[2016.01.30-20.30.32:830][224]LogBlueprintUserMessages: [ThirdPersonExampleMap_C_3] yay
[2016.01.30-20.30.32:897][227]LogBlueprintUserMessages: [ThirdPersonExampleMap_C_3] yay
[2016.01.30-20.30.32:988][231]LogBlueprintUserMessages: [ThirdPersonExampleMap_C_3] yay
[2016.01.30-20.30.33:058][234]LogBlueprintUserMessages: [ThirdPersonExampleMap_C_3] yay
[2016.01.30-20.30.33:150][238]LogBlueprintUserMessages: [ThirdPersonExampleMap_C_3] yay
[2016.01.30-20.30.33:216][241]LogBlueprintUserMessages: [ThirdPersonExampleMap_C_3] yay
[2016.01.30-20.30.33:309][245]LogBlueprintUserMessages: [ThirdPersonExampleMap_C_3] yay
[2016.01.30-20.30.33:353][247]LogBlueprintUserMessages: [ThirdPersonExampleMap_C_3] yay
[2016.01.30-20.30.33:446][251]LogBlueprintUserMessages: [ThirdPersonExampleMap_C_3] yay
[2016.01.30-20.30.33:513][254]LogBlueprintUserMessages: [ThirdPersonExampleMap_C_3] yay
[2016.01.30-20.30.33:622][259]LogBlueprintUserMessages: [ThirdPersonExampleMap_C_3] yay
[2016.01.30-20.30.33:665][261]LogBlueprintUserMessages: [ThirdPersonExampleMap_C_3] yay
[2016.01.30-20.30.40:163][542]LogBlueprintUserMessages: Early EndPlayMap Detection: Level '/Game/ThirdPersonBP/Maps/ThirdPersonExampleMap.ThirdPersonExampleMap:PersistentLevel' has LevelScriptBlueprint '/Game/ThirdPersonBP/Maps/ThirdPersonExampleMap.ThirdPersonExampleMap:PersistentLevel.ThirdPersonExampleMap' with GeneratedClass '/Game/ThirdPersonBP/Maps/ThirdPersonExampleMap.ThirdPersonExampleMap_C' with ClassGeneratedBy '/Game/ThirdPersonBP/Maps/ThirdPersonExampleMap.ThirdPersonExampleMap:PersistentLevel.ThirdPersonExampleMap'
[2016.01.30-20.30.40:218][542]LogBlueprintUserMessages: Late EndPlayMap Detection: Level '/Game/ThirdPersonBP/Maps/ThirdPersonExampleMap.ThirdPersonExampleMap:PersistentLevel' has LevelScriptBlueprint '/Game/ThirdPersonBP/Maps/ThirdPersonExampleMap.ThirdPersonExampleMap:PersistentLevel.ThirdPersonExampleMap' with GeneratedClass '/Game/ThirdPersonBP/Maps/ThirdPersonExampleMap.ThirdPersonExampleMap_C' with ClassGeneratedBy '/Game/ThirdPersonBP/Maps/ThirdPersonExampleMap.ThirdPersonExampleMap:PersistentLevel.ThirdPersonExampleMap'
[2016.01.30-20.30.40:330][542]LogParticles: Destroying 0 GPU particle simulations for FXSystem 0x000000D1186FC7C0
[2016.01.30-20.30.45:391][711]LogActorComponent: UnregisterComponent: (/Engine/Transient.CharMoveComp) Not registered. Aborting.
[2016.01.30-20.30.48:176][711]LogSavePackage: Save=2278.099854ms
[2016.01.30-20.30.48:176][711]LogSavePackage: Moving '../../../../../../Users/Paul/Documents/GitHub/GGJ_2016/GGJ_2016/Saved/ThirdPersonExampleMapF690DA7B48F063633E23618D32046A77.tmp' to '../../../../../../Users/Paul/Documents/GitHub/GGJ_2016/GGJ_2016/Content/ThirdPersonBP/Maps/ThirdPersonExampleMap.umap'
[2016.01.30-20.30.48:195][711]LogSavePackage: Total save time: 2339.376770ms
[2016.01.30-20.30.48:195][711]LogSavePackage:Display: Finished SavePackage ../../../../../../Users/Paul/Documents/GitHub/GGJ_2016/GGJ_2016/Content/ThirdPersonBP/Maps/ThirdPersonExampleMap.umap
[2016.01.30-20.30.48:294][711]LogFileHelpers: Saving map 'ThirdPersonExampleMap' took 2.743
[2016.01.30-20.30.48:328][711]LogSavePackage: Save=11.282509ms
[2016.01.30-20.30.48:328][711]LogSavePackage: Moving '../../../../../../Users/Paul/Documents/GitHub/GGJ_2016/GGJ_2016/Saved/NewFunctionLibrary18EF996F49572BB642F5C8BBC5C1128C.tmp' to '../../../../../../Users/Paul/Documents/GitHub/GGJ_2016/GGJ_2016/Content/ThirdPersonBP/Blueprints/NewFunctionLibrary.uasset'
[2016.01.30-20.30.48:343][711]LogSavePackage: Total save time: 26.558615ms
[2016.01.30-20.30.48:343][711]LogSavePackage:Display: Finished SavePackage ../../../../../../Users/Paul/Documents/GitHub/GGJ_2016/GGJ_2016/Content/ThirdPersonBP/Blueprints/NewFunctionLibrary.uasset
[2016.01.30-20.30.50:312][770]LogWindowsTextInputMethodSystem:Display: IME system now deactivated.
[2016.01.30-20.30.50:986][771]Cmd: QUIT_EDITOR
[2016.01.30-20.30.52:107][771]LogExit: Preparing to exit.
[2016.01.30-20.30.52:691][771]LogExit: Editor shut down
[2016.01.30-20.30.52:692][771]LogExit: Transaction tracking system shut down
[2016.01.30-20.30.52:697][771]LogParticles: Destroying 0 GPU particle simulations for FXSystem 0x000000D15DC0F380
[2016.01.30-20.30.52:699][771]LogParticles: Destroying 0 GPU particle simulations for FXSystem 0x000000D14ADD2480
[2016.01.30-20.30.52:700][771]LogParticles: Destroying 0 GPU particle simulations for FXSystem 0x000000D1484AD300
[2016.01.30-20.30.52:700][771]LogParticles: Destroying 0 GPU particle simulations for FXSystem 0x000000D15CF22D40
[2016.01.30-20.30.52:700][771]LogParticles: Destroying 0 GPU particle simulations for FXSystem 0x000000D15CF22160
[2016.01.30-20.30.53:298][771]LogExit: Object subsystem successfully closed.
[2016.01.30-20.30.53:321][771]LogD3D11RHI: Shutdown
[2016.01.30-20.30.53:321][771]LogD3D11RHI: CleanupD3DDevice
[2016.01.30-20.30.53:518][771]LogD3D11RHI: ~FD3D11DynamicRHI
[2016.01.30-20.30.53:585][771]LogModuleManager: Shutting down and abandoning module CookingStats (200)
[2016.01.30-20.30.53:585][771]LogModuleManager: Shutting down and abandoning module BlueprintGraph (199)
[2016.01.30-20.30.53:586][771]LogModuleManager: Shutting down and abandoning module CrashTracker (198)
[2016.01.30-20.30.53:586][771]LogModuleManager: Shutting down and abandoning module SceneOutliner (197)
[2016.01.30-20.30.53:586][771]LogModuleManager: Shutting down and abandoning module SuperSearch (196)
[2016.01.30-20.30.53:586][771]LogModuleManager: Shutting down and abandoning module WidgetCarousel (195)
[2016.01.30-20.30.53:586][771]LogModuleManager: Shutting down and abandoning module AddContentDialog (194)
[2016.01.30-20.30.53:590][771]LogModuleManager: Shutting down and abandoning module EditorWidgets (193)
[2016.01.30-20.30.53:590][771]LogModuleManager: Shutting down and abandoning module CollectionManager (192)
[2016.01.30-20.30.53:591][771]LogModuleManager: Shutting down and abandoning module StatsViewer (191)
[2016.01.30-20.30.53:591][771]LogModuleManager: Shutting down and abandoning module FoliageEdit (190)
[2016.01.30-20.30.53:591][771]LogModuleManager: Shutting down and abandoning module LandscapeEditor (189)
[2016.01.30-20.30.53:592][771]LogModuleManager: Shutting down and abandoning module ActorPickerMode (188)
[2016.01.30-20.30.53:592][771]LogModuleManager: Shutting down and abandoning module GeometryMode (187)
[2016.01.30-20.30.53:592][771]LogModuleManager: Shutting down and abandoning module TextureAlignMode (186)
[2016.01.30-20.30.53:592][771]LogModuleManager: Shutting down and abandoning module BspMode (185)
[2016.01.30-20.30.53:592][771]LogModuleManager: Shutting down and abandoning module PlacementMode (184)
[2016.01.30-20.30.53:592][771]LogModuleManager: Shutting down and abandoning module AutomationWorker (183)
[2016.01.30-20.30.53:592][771]LogModuleManager: Shutting down and abandoning module CharacterAI (182)
[2016.01.30-20.30.53:592][771]LogModuleManager: Shutting down and abandoning module SmartSnapping (181)
[2016.01.30-20.30.53:592][771]LogModuleManager: Shutting down and abandoning module ViewportSnapping (180)
[2016.01.30-20.30.53:592][771]LogModuleManager: Shutting down and abandoning module LogVisualizer (179)
[2016.01.30-20.30.53:593][771]LogModuleManager: Shutting down and abandoning module GameProjectGeneration (178)
[2016.01.30-20.30.53:593][771]LogModuleManager: Shutting down and abandoning module IntroTutorials (177)
[2016.01.30-20.30.53:593][771]LogModuleManager: Shutting down and abandoning module EditorLiveStreaming (176)
[2016.01.30-20.30.53:593][771]LogModuleManager: Shutting down and abandoning module IOSPlatformEditor (175)
[2016.01.30-20.30.53:594][771]LogModuleManager: Shutting down and abandoning module HTML5PlatformEditor (174)
[2016.01.30-20.30.53:594][771]LogModuleManager: Shutting down and abandoning module AndroidDeviceDetection (173)
[2016.01.30-20.30.54:596][771]LogModuleManager: Shutting down and abandoning module AndroidPlatformEditor (172)
[2016.01.30-20.30.54:596][771]LogModuleManager: Shutting down and abandoning module IOSRuntimeSettings (171)
[2016.01.30-20.30.54:596][771]LogModuleManager: Shutting down and abandoning module AndroidRuntimeSettings (170)
[2016.01.30-20.30.54:596][771]LogModuleManager: Shutting down and abandoning module MergeActors (169)
[2016.01.30-20.30.54:596][771]LogModuleManager: Shutting down and abandoning module SizeMap (168)
[2016.01.30-20.30.54:596][771]LogModuleManager: Shutting down and abandoning module TreeMap (167)
[2016.01.30-20.30.54:596][771]LogModuleManager: Shutting down and abandoning module ReferenceViewer (166)
[2016.01.30-20.30.54:596][771]LogModuleManager: Shutting down and abandoning module LocalizationService (165)
[2016.01.30-20.30.54:596][771]LogModuleManager: Shutting down and abandoning module LocalizationDashboard (164)
[2016.01.30-20.30.54:597][771]LogModuleManager: Shutting down and abandoning module HardwareTargeting (163)
[2016.01.30-20.30.54:597][771]LogModuleManager: Shutting down and abandoning module DeviceProfileEditor (162)
[2016.01.30-20.30.54:597][771]LogModuleManager: Shutting down and abandoning module UndoHistory (161)
[2016.01.30-20.30.54:597][771]LogModuleManager: Shutting down and abandoning module GameplayTagsEditor (160)
[2016.01.30-20.30.54:597][771]LogModuleManager: Shutting down and abandoning module UserFeedback (159)
[2016.01.30-20.30.54:597][771]LogModuleManager: Shutting down and abandoning module XmlParser (158)
[2016.01.30-20.30.54:597][771]LogModuleManager: Shutting down and abandoning module Blutility (157)
[2016.01.30-20.30.54:597][771]LogModuleManager: Shutting down and abandoning module ProjectTargetPlatformEditor (156)
[2016.01.30-20.30.54:597][771]LogModuleManager: Shutting down and abandoning module ProjectSettingsViewer (155)
[2016.01.30-20.30.54:597][771]LogModuleManager: Shutting down and abandoning module InputBindingEditor (154)
[2016.01.30-20.30.54:598][771]LogModuleManager: Shutting down and abandoning module EditorSettingsViewer (153)
[2016.01.30-20.30.54:598][771]LogModuleManager: Shutting down and abandoning module SettingsEditor (152)
[2016.01.30-20.30.54:598][771]LogModuleManager: Shutting down and abandoning module ProjectLauncher (151)
[2016.01.30-20.30.54:598][771]LogModuleManager: Shutting down and abandoning module SessionFrontend (150)
[2016.01.30-20.30.54:599][771]LogModuleManager: Shutting down and abandoning module ProfilerClient (149)
[2016.01.30-20.30.54:599][771]LogModuleManager: Shutting down and abandoning module TargetDeviceServices (148)
[2016.01.30-20.30.54:599][771]LogModuleManager: Shutting down and abandoning module DeviceManager (147)
[2016.01.30-20.30.54:599][771]LogModuleManager: Shutting down and abandoning module AutomationController (146)
[2016.01.30-20.30.54:599][771]LogModuleManager: Shutting down and abandoning module AutomationWindow (145)
[2016.01.30-20.30.54:599][771]LogModuleManager: Shutting down and abandoning module Layers (144)
[2016.01.30-20.30.54:599][771]LogModuleManager: Shutting down and abandoning module ComponentVisualizers (143)
[2016.01.30-20.30.54:599][771]LogModuleManager: Shutting down and abandoning module DetailCustomizations (142)
[2016.01.30-20.30.54:600][771]LogModuleManager: Shutting down and abandoning module PackagesDialog (141)
[2016.01.30-20.30.54:600][771]LogModuleManager: Shutting down and abandoning module Persona (140)
[2016.01.30-20.30.54:600][771]LogModuleManager: Shutting down and abandoning module Kismet (139)
[2016.01.30-20.30.54:600][771]LogModuleManager: Shutting down and abandoning module GraphEditor (138)
[2016.01.30-20.30.54:601][771]LogModuleManager: Shutting down and abandoning module ClassViewer (137)
[2016.01.30-20.30.54:605][771]LogModuleManager: Shutting down and abandoning module Toolbox (136)
[2016.01.30-20.30.54:605][771]LogModuleManager: Shutting down and abandoning module ModuleUI (135)
[2016.01.30-20.30.54:605][771]LogModuleManager: Shutting down and abandoning module MovieSceneTools (134)
[2016.01.30-20.30.54:606][771]LogModuleManager: Shutting down and abandoning module OutputLog (133)
[2016.01.30-20.30.54:606][771]LogModuleManager: Shutting down and abandoning module GammaUI (132)
[2016.01.30-20.30.54:606][771]LogModuleManager: Shutting down and abandoning module Documentation (131)
[2016.01.30-20.30.54:606][771]LogModuleManager: Shutting down and abandoning module GameLiveStreaming (130)
[2016.01.30-20.30.54:606][771]LogModuleManager: Shutting down and abandoning module StreamingPauseRendering (129)
[2016.01.30-20.30.54:606][771]LogModuleManager: Shutting down and abandoning module AnalyticsET (128)
[2016.01.30-20.30.54:606][771]LogModuleManager: Shutting down and abandoning module Analytics (127)
[2016.01.30-20.30.54:607][771]LogModuleManager: Shutting down and abandoning module AITestSuite (126)
[2016.01.30-20.30.54:607][771]LogModuleManager: Shutting down and abandoning module GameplayDebugger (125)
[2016.01.30-20.30.54:607][771]LogModuleManager: Shutting down and abandoning module AIModule (124)
[2016.01.30-20.30.54:607][771]LogModuleManager: Shutting down and abandoning module ProfilerService (123)
[2016.01.30-20.30.54:816][771]LogModuleManager: Shutting down and abandoning module TaskGraph (122)
[2016.01.30-20.30.54:816][771]LogModuleManager: Shutting down and abandoning module SlateRemote (121)
[2016.01.30-20.30.54:816][771]LogModuleManager: Shutting down and abandoning module SteamVRController (120)
[2016.01.30-20.30.54:816][771]LogModuleManager: Shutting down and abandoning module SteamVR (119)
[2016.01.30-20.30.54:816][771]LogModuleManager: Shutting down and abandoning module ProceduralMeshComponent (118)
[2016.01.30-20.30.54:816][771]LogModuleManager: Shutting down and abandoning module OculusLibrary (117)
[2016.01.30-20.30.54:816][771]LogModuleManager: Shutting down and abandoning module OculusInput (116)
[2016.01.30-20.30.54:816][771]LogModuleManager: Shutting down and abandoning module LeapMotionController (115)
[2016.01.30-20.30.54:852][771]LogModuleManager: Shutting down and abandoning module CustomMeshComponent (114)
[2016.01.30-20.30.54:852][771]LogModuleManager: Shutting down and abandoning module CableComponent (113)
[2016.01.30-20.30.54:852][771]LogModuleManager: Shutting down and abandoning module ArchVisCharacter (112)
[2016.01.30-20.30.54:852][771]LogModuleManager: Shutting down and abandoning module MessagingDebugger (111)
[2016.01.30-20.30.54:853][771]LogModuleManager: Shutting down and abandoning module MediaPlayerEditor (110)
[2016.01.30-20.30.54:853][771]LogModuleManager: Shutting down and abandoning module HTML5Networking (109)
[2016.01.30-20.30.54:853][771]LogModuleManager: Shutting down and abandoning module SpeedTreeImporter (108)
[2016.01.30-20.30.54:853][771]LogModuleManager: Shutting down and abandoning module PluginBrowser (107)
[2016.01.30-20.30.54:853][771]LogModuleManager: Shutting down and abandoning module EpicSurvey (106)
[2016.01.30-20.30.54:853][771]LogModuleManager: Shutting down and abandoning module DesktopPlatform (105)
[2016.01.30-20.30.54:853][771]LogModuleManager: Shutting down and abandoning module VisualStudioSourceCodeAccess (104)
[2016.01.30-20.30.54:853][771]LogModuleManager: Shutting down and abandoning module UObjectPlugin (103)
[2016.01.30-20.30.54:853][771]LogModuleManager: Shutting down and abandoning module SubversionSourceControl (102)
[2016.01.30-20.30.54:853][771]LogModuleManager: Shutting down and abandoning module PerforceSourceControl (101)
[2016.01.30-20.30.54:853][771]LogModuleManager: Shutting down and abandoning module SourceControl (100)
[2016.01.30-20.30.54:854][771]LogModuleManager: Shutting down and abandoning module GitSourceControl (99)
[2016.01.30-20.30.54:854][771]LogModuleManager: Shutting down and abandoning module LightPropagationVolumeEditor (98)
[2016.01.30-20.30.54:854][771]LogModuleManager: Shutting down and abandoning module PaperTiledImporter (97)
[2016.01.30-20.30.54:854][771]LogModuleManager: Shutting down and abandoning module PaperSpriteSheetImporter (96)
[2016.01.30-20.30.54:854][771]LogModuleManager: Shutting down and abandoning module MeshPaint (95)
[2016.01.30-20.30.54:854][771]LogModuleManager: Shutting down and abandoning module SlateReflector (94)
[2016.01.30-20.30.54:854][771]LogModuleManager: Shutting down and abandoning module HotReload (93)
[2016.01.30-20.30.54:854][771]LogModuleManager: Shutting down and abandoning module MainFrame (92)
[2016.01.30-20.30.54:854][771]LogModuleManager: Shutting down and abandoning module LevelEditor (91)
[2016.01.30-20.30.54:858][771]LogModuleManager: Shutting down and abandoning module DirectoryWatcher (90)
[2016.01.30-20.30.54:861][771]LogModuleManager: Shutting down and abandoning module AssetRegistry (89)
[2016.01.30-20.30.54:999][771]LogModuleManager: Shutting down and abandoning module ContentBrowser (88)
[2016.01.30-20.30.55:001][771]LogModuleManager: Shutting down and abandoning module Paper2DEditor (87)
[2016.01.30-20.30.55:001][771]LogModuleManager: Shutting down and abandoning module UdpMessaging (86)
[2016.01.30-20.30.55:103][771]LogModuleManager: Shutting down and abandoning module LightPropagationVolumeRuntime (85)
[2016.01.30-20.30.55:103][771]LogModuleManager: Shutting down and abandoning module Paper2D (84)
[2016.01.30-20.30.55:103][771]LogModuleManager: Shutting down and abandoning module WindowsMoviePlayer (83)
[2016.01.30-20.30.55:126][771]LogModuleManager: Shutting down and abandoning module Media (82)
[2016.01.30-20.30.55:127][771]LogModuleManager: Shutting down and abandoning module WmfMedia (81)
[2016.01.30-20.30.55:127][771]LogModuleManager: Shutting down and abandoning module OnlineBlueprintSupport (80)
[2016.01.30-20.30.55:127][771]LogModuleManager: Shutting down and abandoning module GameplayTasksEditor (79)
[2016.01.30-20.30.55:127][771]LogModuleManager: Shutting down and abandoning module PropertyEditor (78)
[2016.01.30-20.30.55:127][771]LogModuleManager: Shutting down and abandoning module BehaviorTreeEditor (77)
[2016.01.30-20.30.55:128][771]LogModuleManager: Shutting down and abandoning module FunctionalTesting (76)
[2016.01.30-20.30.55:128][771]LogModuleManager: Shutting down and abandoning module CollisionAnalyzer (75)
[2016.01.30-20.30.55:128][771]LogModuleManager: Shutting down and abandoning module WorkspaceMenuStructure (74)
[2016.01.30-20.30.55:128][771]LogModuleManager: Shutting down and abandoning module MessageLog (73)
[2016.01.30-20.30.55:128][771]LogModuleManager: Shutting down and abandoning module Sequencer (72)
[2016.01.30-20.30.55:129][771]LogModuleManager: Shutting down and abandoning module AssetTools (71)
[2016.01.30-20.30.55:129][771]LogModuleManager: Shutting down and abandoning module UMGEditor (70)
[2016.01.30-20.30.55:129][771]LogModuleManager: Shutting down and abandoning module UMG (69)
[2016.01.30-20.30.55:129][771]LogModuleManager: Shutting down and abandoning module Slate (68)
[2016.01.30-20.30.55:130][771]LogModuleManager: Shutting down and abandoning module EditorStyle (67)
[2016.01.30-20.30.55:145][771]LogModuleManager: Shutting down and abandoning module SessionServices (66)
[2016.01.30-20.30.55:146][771]LogModuleManager: Shutting down and abandoning module SourceCodeAccess (65)
[2016.01.30-20.30.55:146][771]LogModuleManager: Shutting down and abandoning module HeadMountedDisplay (64)
[2016.01.30-20.30.55:146][771]LogModuleManager: Shutting down and abandoning module XAudio2 (63)
[2016.01.30-20.30.55:146][771]LogModuleManager: Shutting down and abandoning module Networking (61)
[2016.01.30-20.30.55:146][771]LogModuleManager: Shutting down and abandoning module Core (60)
[2016.01.30-20.30.55:146][771]LogModuleManager: Shutting down and abandoning module KismetCompiler (59)
[2016.01.30-20.30.55:146][771]LogModuleManager: Shutting down and abandoning module PhysXFormats (58)
[2016.01.30-20.30.55:146][771]LogModuleManager: Shutting down and abandoning module MeshUtilities (57)
[2016.01.30-20.30.55:146][771]LogModuleManager: Shutting down and abandoning module DerivedDataCache (56)
[2016.01.30-20.30.55:226][771]LogDerivedDataCache: Shutdown
[2016.01.30-20.30.55:226][771]LogModuleManager: Shutting down and abandoning module ShaderFormatOpenGL (55)
[2016.01.30-20.30.55:226][771]LogModuleManager: Shutting down and abandoning module ShaderFormatD3D (54)
[2016.01.30-20.30.55:226][771]LogModuleManager: Shutting down and abandoning module MetalShaderFormat (53)
[2016.01.30-20.30.55:226][771]LogModuleManager: Shutting down and abandoning module TextureFormatUncompressed (52)
[2016.01.30-20.30.55:226][771]LogModuleManager: Shutting down and abandoning module TextureFormatPVR (51)
[2016.01.30-20.30.55:226][771]LogModuleManager: Shutting down and abandoning module TextureFormatIntelISPCTexComp (50)
[2016.01.30-20.30.55:226][771]LogModuleManager: Shutting down and abandoning module TextureFormatDXT (49)
[2016.01.30-20.30.55:226][771]LogModuleManager: Shutting down and abandoning module ImageWrapper (48)
[2016.01.30-20.30.55:226][771]LogModuleManager: Shutting down and abandoning module TextureFormatASTC (47)
[2016.01.30-20.30.55:226][771]LogModuleManager: Shutting down and abandoning module TextureFormatAndroid (46)
[2016.01.30-20.30.55:226][771]LogModuleManager: Shutting down and abandoning module AudioFormatOpus (45)
[2016.01.30-20.30.55:226][771]LogModuleManager: Shutting down and abandoning module AudioFormatOgg (44)
[2016.01.30-20.30.55:226][771]LogModuleManager: Shutting down and abandoning module AudioFormatADPCM (43)
[2016.01.30-20.30.55:227][771]LogModuleManager: Shutting down and abandoning module LinuxTargetPlatform (42)
[2016.01.30-20.30.55:227][771]LogModuleManager: Shutting down and abandoning module LinuxServerTargetPlatform (41)
[2016.01.30-20.30.55:227][771]LogModuleManager: Shutting down and abandoning module LinuxNoEditorTargetPlatform (40)
[2016.01.30-20.30.55:227][771]LogModuleManager: Shutting down and abandoning module Messaging (39)
[2016.01.30-20.30.55:227][771]LogModuleManager: Shutting down and abandoning module IOSTargetPlatform (38)
[2016.01.30-20.30.55:227][771]LogModuleManager: Shutting down and abandoning module HTML5TargetPlatform (37)
[2016.01.30-20.30.55:227][771]LogModuleManager: Shutting down and abandoning module Android_PVRTCTargetPlatform (36)
[2016.01.30-20.30.55:227][771]LogModuleManager: Shutting down and abandoning module Android_MultiTargetPlatform (35)
[2016.01.30-20.30.55:227][771]LogModuleManager: Shutting down and abandoning module Android_ETC2TargetPlatform (34)
[2016.01.30-20.30.55:227][771]LogModuleManager: Shutting down and abandoning module Android_ETC1TargetPlatform (33)
[2016.01.30-20.30.55:227][771]LogModuleManager: Shutting down and abandoning module Android_DXTTargetPlatform (32)
[2016.01.30-20.30.55:227][771]LogModuleManager: Shutting down and abandoning module Android_ATCTargetPlatform (31)
[2016.01.30-20.30.55:227][771]LogModuleManager: Shutting down and abandoning module Android_ASTCTargetPlatform (30)
[2016.01.30-20.30.55:227][771]LogModuleManager: Shutting down and abandoning module AndroidTargetPlatform (29)
[2016.01.30-20.30.55:227][771]LogModuleManager: Shutting down and abandoning module WindowsTargetPlatform (28)
[2016.01.30-20.30.55:227][771]LogModuleManager: Shutting down and abandoning module WindowsServerTargetPlatform (27)
[2016.01.30-20.30.55:228][771]LogModuleManager: Shutting down and abandoning module WindowsNoEditorTargetPlatform (26)
[2016.01.30-20.30.55:228][771]LogModuleManager: Shutting down and abandoning module WindowsClientTargetPlatform (25)
[2016.01.30-20.30.55:228][771]LogModuleManager: Shutting down and abandoning module AllDesktopTargetPlatform (24)
[2016.01.30-20.30.55:228][771]LogModuleManager: Shutting down and abandoning module TargetPlatform (23)
[2016.01.30-20.30.55:228][771]LogModuleManager: Shutting down and abandoning module InputCore (22)
[2016.01.30-20.30.55:228][771]LogModuleManager: Shutting down and abandoning module Settings (21)
[2016.01.30-20.30.55:228][771]LogModuleManager: Shutting down and abandoning module OnlineSubsystem (19)
[2016.01.30-20.30.55:228][771]LogModuleManager: Shutting down and abandoning module HTTP (18)
[2016.01.30-20.30.56:231][771]LogModuleManager: Shutting down and abandoning module XMPP (17)
[2016.01.30-20.30.56:231][771]LogModuleManager: Shutting down and abandoning module OculusRift (16)
[2016.01.30-20.30.56:231][771]LogModuleManager: Shutting down and abandoning module ExampleDeviceProfileSelector (15)
[2016.01.30-20.30.56:231][771]LogModuleManager: Shutting down and abandoning module TextureCompressor (14)
[2016.01.30-20.30.56:231][771]LogModuleManager: Shutting down and abandoning module ShaderCore (13)
[2016.01.30-20.30.56:231][771]LogModuleManager: Shutting down and abandoning module Landscape (12)
[2016.01.30-20.30.56:231][771]LogModuleManager: Shutting down and abandoning module SlateRHIRenderer (11)
[2016.01.30-20.30.56:239][771]LogModuleManager: Shutting down and abandoning module OpenGLDrv (10)
[2016.01.30-20.30.56:239][771]LogModuleManager: Shutting down and abandoning module D3D11RHI (9)
[2016.01.30-20.30.56:239][771]LogModuleManager: Shutting down and abandoning module AnimGraphRuntime (8)
[2016.01.30-20.30.56:239][771]LogModuleManager: Shutting down and abandoning module Renderer (7)
[2016.01.30-20.30.56:239][771]LogModuleManager: Shutting down and abandoning module Engine (6)
[2016.01.30-20.30.56:239][771]LogModuleManager: Shutting down and abandoning module CoreUObject (5)
[2016.01.30-20.30.56:239][771]LogModuleManager: Shutting down and abandoning module NetworkFile (4)
[2016.01.30-20.30.56:239][771]LogModuleManager: Shutting down and abandoning module StreamingFile (3)
[2016.01.30-20.30.56:239][771]LogModuleManager: Shutting down and abandoning module SandboxFile (2)
[2016.01.30-20.30.56:239][771]LogModuleManager: Shutting down and abandoning module PakFile (1)
[2016.01.30-20.30.56:242][771]LogExit: Exiting.
[2016.01.30-20.30.56:298][771]Log file closed, 01/30/16 12:30:56
