[2016.01.30-18.06.47:721][  0]Log file open, 01/30/16 10:06:47
[2016.01.30-18.06.47:721][  0]LogInit:Display: Running engine for game: GGJ_2016
[2016.01.30-18.06.47:721][  0]LogPlatformFile: Not using cached read wrapper
[2016.01.30-18.06.47:721][  0]LogInit:Display: RandInit(1514595912) SRandInit(1514595914).
[2016.01.30-18.06.47:721][  0]LogTaskGraph: Started task graph with 4 named threads and 5 total threads.
[2016.01.30-18.06.47:721][  0]LogStats: Stats thread started at 0.107654
[2016.01.30-18.06.47:721][  0]LogInit: Version: 4.10.2-2818068+++depot+UE4-Releases+4.10
[2016.01.30-18.06.47:721][  0]LogInit: API Version: 2758231
[2016.01.30-18.06.47:721][  0]LogInit: Compiled (64-bit): Jan  6 2016 17:36:42
[2016.01.30-18.06.47:721][  0]LogInit: Compiled with Visual C++: 19.00.23026.00
[2016.01.30-18.06.47:721][  0]LogInit: Build Configuration: Development
[2016.01.30-18.06.47:721][  0]LogInit: Branch Name: ++depot+UE4-Releases+4.10
[2016.01.30-18.06.47:721][  0]LogInit: Command line: 
[2016.01.30-18.06.47:721][  0]LogInit: Base directory: C:/Program Files (x86)/Epic Games/4.10/Engine/Binaries/Win64/
[2016.01.30-18.06.47:721][  0]LogInit: Rocket: 1
[2016.01.30-18.06.47:737][  0]LogInit: Using libcurl 7.41.0
[2016.01.30-18.06.47:737][  0]LogInit:  - built for x86_64-pc-win32
[2016.01.30-18.06.47:737][  0]LogInit:  - supports SSL with WinSSL
[2016.01.30-18.06.47:737][  0]LogInit:  - other features:
[2016.01.30-18.06.47:737][  0]LogInit:      CURL_VERSION_SSL
[2016.01.30-18.06.47:737][  0]LogInit:      CURL_VERSION_IPV6
[2016.01.30-18.06.47:737][  0]LogInit:      CURL_VERSION_ASYNCHDNS
[2016.01.30-18.06.47:737][  0]LogInit:      CURL_VERSION_LARGEFILE
[2016.01.30-18.06.47:737][  0]LogInit:      CURL_VERSION_IDN
[2016.01.30-18.06.47:737][  0]LogInit:  CurlRequestOptions (configurable via config and command line):
[2016.01.30-18.06.47:737][  0]LogInit:  - bVerifyPeer = true  - Libcurl will verify peer certificate
[2016.01.30-18.06.47:737][  0]LogInit:  - bUseHttpProxy = false  - Libcurl will NOT use HTTP proxy
[2016.01.30-18.06.47:737][  0]LogInit:  - bDontReuseConnections = false  - Libcurl will reuse connections
[2016.01.30-18.06.47:737][  0]LogInit:  - CertBundlePath = nullptr  - Libcurl will use whatever was configured at build time.
[2016.01.30-18.06.47:754][  0]LogInit: Presizing for 0 objects not considered by GC, pre-allocating 0 bytes.
[2016.01.30-18.06.47:763][  0]LogInit: Object subsystem initialized
[2016.01.30-18.06.47:764][  0]LogInit: Selected Device Profile: [Windows]
[2016.01.30-18.06.47:764][  0]LogInit: Applying CVar settings loaded from the selected device profile: [Windows]
[2016.01.30-18.06.47:794][  0]LogInit: Computer: PTR-1004
[2016.01.30-18.06.47:794][  0]LogInit: User: srayl
[2016.01.30-18.06.47:794][  0]LogInit: CPU Page size=4096, Cores=2
[2016.01.30-18.06.47:794][  0]LogInit: High frequency timer resolution =2.825644 MHz
[2016.01.30-18.06.47:794][  0]LogMemory: Memory total: Physical=7.9GB (8GB approx)
[2016.01.30-18.06.47:794][  0]LogMemory: Platform Memory Stats for Windows
[2016.01.30-18.06.47:794][  0]LogMemory: Process Physical Memory: 55.80 MB used, 55.80 MB peak
[2016.01.30-18.06.47:794][  0]LogMemory: Process Virtual Memory: 59.75 MB used, 59.75 MB peak
[2016.01.30-18.06.47:794][  0]LogMemory: Physical Memory: 4802.05 MB used, 8097.57 MB total
[2016.01.30-18.06.47:794][  0]LogMemory: Virtual Memory: 350.11 MB used, 8388608.00 MB total
[2016.01.30-18.06.47:902][  0]LogTextLocalizationManager: No specific translations for ('en-US') exist, so ('en') translations will be used.
[2016.01.30-18.06.48:689][  0]LogD3D11RHI: Found D3D11 adapter 0: Intel(R) HD Graphics 4600 (Feature Level 11_0)
[2016.01.30-18.06.48:689][  0]LogD3D11RHI: Adapter has 64MB of dedicated video memory, 0MB of dedicated system memory, and 1632MB of shared system memory, 1 output[s]
[2016.01.30-18.06.48:689][  0]LogD3D11RHI: Chosen D3D11 Adapter Id = 0
[2016.01.30-18.06.48:704][  0]LogD3D11RHI: !Direct3DDevice
[2016.01.30-18.06.48:705][  0]LogRHI: Texture pool is 616 MB (70% of 880 MB)
[2016.01.30-18.06.48:722][  0]LogD3D11RHI: Async texture creation enabled
[2016.01.30-18.06.48:730][  0]LogShaderCompilers: Guid format shader working directory is -19 characters bigger than the processId version (../../../../../../Users/srayl/Documents/GitHub/GGJ_2016/GGJ_2016/Intermediate/Shaders/WorkingDirectory/33912/).
[2016.01.30-18.06.48:730][  0]LogShaderCompilers: Cleaned the shader compiler working directory 'C:/Users/srayl/AppData/Local/Temp/UnrealShaderWorkingDir/F904F7D649D59D90E07E9DBEE6126FC9/'.
[2016.01.30-18.06.48:730][  0]LogShaderCompilers:Display: Using Local Shader Compiler.
[2016.01.30-18.06.50:753][  0]LogTemp:Display: Loaded TP AllDesktopTargetPlatform
[2016.01.30-18.06.50:762][  0]LogTemp:Display: Loaded TP WindowsClientTargetPlatform
[2016.01.30-18.06.50:768][  0]LogTemp:Display: Loaded TP WindowsNoEditorTargetPlatform
[2016.01.30-18.06.50:773][  0]LogTemp:Display: Loaded TP WindowsServerTargetPlatform
[2016.01.30-18.06.50:780][  0]LogTemp:Display: Loaded TP WindowsTargetPlatform
[2016.01.30-18.06.50:785][  0]LogTemp:Display: Loaded TP AndroidTargetPlatform
[2016.01.30-18.06.50:789][  0]LogTemp:Display: Loaded TP Android_ASTCTargetPlatform
[2016.01.30-18.06.50:795][  0]LogTemp:Display: Loaded TP Android_ATCTargetPlatform
[2016.01.30-18.06.50:800][  0]LogTemp:Display: Loaded TP Android_DXTTargetPlatform
[2016.01.30-18.06.50:804][  0]LogTemp:Display: Loaded TP Android_ETC1TargetPlatform
[2016.01.30-18.06.50:809][  0]LogTemp:Display: Loaded TP Android_ETC2TargetPlatform
[2016.01.30-18.06.50:819][  0]LogTemp:Display: Loaded TP Android_MultiTargetPlatform
[2016.01.30-18.06.50:819][  0]LogTemp:Display: Loaded TP Android_PVRTCTargetPlatform
[2016.01.30-18.06.50:820][  0]LogTemp:Display: Loaded TP HTML5TargetPlatform
[2016.01.30-18.06.50:839][  0]LogTemp:Display: Loaded TP IOSTargetPlatform
[2016.01.30-18.06.50:843][  0]LogTemp:Display: Loaded TP LinuxNoEditorTargetPlatform
[2016.01.30-18.06.50:848][  0]LogTemp:Display: Loaded TP LinuxServerTargetPlatform
[2016.01.30-18.06.50:853][  0]LogTemp:Display: Loaded TP LinuxTargetPlatform
[2016.01.30-18.06.50:853][  0]LogTargetPlatformManager:Display: Building Assets For Windows
[2016.01.30-18.06.50:988][  0]LogDerivedDataCache:Display: Max Cache Size: 512 MB
[2016.01.30-18.06.51:051][  0]LogDerivedDataCache: Loaded boot cache 0.06s 41MB C:/Users/srayl/AppData/Local/UnrealEngine/4.10/DerivedDataCache/Boot.ddc.
[2016.01.30-18.06.51:051][  0]LogDerivedDataCache:Display: Loaded Boot cache: C:/Users/srayl/AppData/Local/UnrealEngine/4.10/DerivedDataCache/Boot.ddc
[2016.01.30-18.06.51:051][  0]LogDerivedDataCache: FDerivedDataBackendGraph:  Pak pak cache file ../../../../../../Users/srayl/Documents/GitHub/GGJ_2016/GGJ_2016/DerivedDataCache/DDC.ddp not found, will not use a pak cache.
[2016.01.30-18.06.51:051][  0]LogDerivedDataCache: Unable to find inner node Pak for hierarchical cache Hierarchy.
[2016.01.30-18.06.51:051][  0]LogDerivedDataCache: FDerivedDataBackendGraph:  CompressedPak pak cache file ../../../../../../Users/srayl/Documents/GitHub/GGJ_2016/GGJ_2016/DerivedDataCache/Compressed.ddp not found, will not use a pak cache.
[2016.01.30-18.06.51:051][  0]LogDerivedDataCache: Unable to find inner node CompressedPak for hierarchical cache Hierarchy.
[2016.01.30-18.06.51:145][  0]LogDerivedDataCache:Display: Pak cache opened for reading ../../../Engine/DerivedDataCache/Compressed.ddp.
[2016.01.30-18.06.51:158][  0]LogDerivedDataCache: Using Local data cache path C:/Users/srayl/AppData/Local/UnrealEngine/Common/DerivedDataCache: Writable
[2016.01.30-18.06.51:422][  0]LogInit: Selected Device Profile: [Windows]
[2016.01.30-18.06.51:423][  0]LogContentStreaming: Texture pool size is 0.000000MB
[2016.01.30-18.06.51:494][  0]LogMeshUtilities: No automatic mesh reduction module available
[2016.01.30-18.06.51:494][  0]LogMeshUtilities: No automatic mesh merging module available
[2016.01.30-18.06.52:264][  0]LogInit: WinSock: version 1.1 (2.2), MaxSocks=32767, MaxUdp=65467
[2016.01.30-18.06.53:628][  0]UdpMessaging: Initializing bridge on interface 0.0.0.0:0 to multicast group 230.0.0.1:6666.
[2016.01.30-18.06.53:758][  0]LogAssetRegistry: FAssetRegistry took 0.0105 seconds to start up
[2016.01.30-18.06.54:063][  0]SourceControl: Info Source control is disabled
[2016.01.30-18.06.54:085][  0]SourceControl: Info Source control is disabled
[2016.01.30-18.06.54:110][  0]SourceControl: Info Source control is disabled
[2016.01.30-18.06.54:128][  0]SourceControl: Info Source control is disabled
[2016.01.30-18.06.54:700][  0]LogObj: 28633 objects as part of root set at end of initial load.
[2016.01.30-18.06.54:700][  0]LogUObjectAllocator: 6099752 out of 0 bytes used by permanent object pool.
[2016.01.30-18.06.54:780][  0]LogEngine: Initializing Engine...
[2016.01.30-18.06.54:783][  0]LogHMD: Can't find Oculus library dev build: is proper Runtime installed? Version: 0.8.0.0
[2016.01.30-18.06.54:784][  0]LogHMD: SteamVR failed to initialize.  Err: 110
[2016.01.30-18.06.54:975][  0]LogAIModule: Creating AISystem for world NewWorld
[2016.01.30-18.06.54:983][  0]LogInit: XAudio2 using 'Speakers / Headphones (Realtek High Definition Audio)' : 2 channels at 48 kHz using 32 bits per sample (channel mask 0x3)
[2016.01.30-18.06.55:003][  0]LogInit: FAudioDevice initialized.
[2016.01.30-18.06.55:038][  0]LogDerivedDataCache: Saved boot cache 0.03s 41MB C:/Users/srayl/AppData/Local/UnrealEngine/4.10/DerivedDataCache/Boot.ddc.
[2016.01.30-18.06.55:043][  0]LogInit: Texture streaming: Enabled
[2016.01.30-18.06.55:052][  0]LogAnalytics: Creating configured Analytics provider AnalyticsET
[2016.01.30-18.06.55:052][  0]LogAnalytics: [UEEditor.Rocket.Release] APIServer = http://et2.epicgames.com/ET2/. AppVersion = 4.10.2-2818068+++depot+UE4-Releases+4.10
[2016.01.30-18.06.55:052][  0]LogAnalytics: [UEEditor.Rocket.Release] SetUserId 30c14f3f4f7c861ce8b4a9ac25cb058d|16ea9cde892740858affd91b56bad420|95c18037-31f6-41b2-988f-3e4032543ca0
[2016.01.30-18.06.55:052][  0]LogAnalytics: [UEEditor.Rocket.Release] AnalyticsET::StartSession
[2016.01.30-18.06.55:069][  0]LogInit: Transaction tracking system initialized
[2016.01.30-18.06.55:115][  0]BlueprintLog: New page: Editor Load
[2016.01.30-18.06.55:480][  0]LocalizationService: Info Localization service is disabled
[2016.01.30-18.06.55:621][  0]LogConsoleResponse:Display: 
[2016.01.30-18.06.55:978][  0]LogCook:Display: Done creating registry. It took  0.00s.
[2016.01.30-18.06.56:093][  0]LogFileCache: Scanning file cache for directory 'C:/Users/srayl/Documents/GitHub/GGJ_2016/GGJ_2016/Content/' took 0.17s
[2016.01.30-18.06.56:093][  0]SourceControl: Info Source control is disabled
[2016.01.30-18.06.56:093][  0]Cmd: MAP LOAD FILE="../../../../../../Users/srayl/Documents/GitHub/GGJ_2016/GGJ_2016/Content/ThirdPersonBP/Maps/ThirdPersonExampleMap.umap" TEMPLATE=0 SHOWPROGRESS=1 FEATURELEVEL=3
[2016.01.30-18.06.56:098][  0]LightingResults: New page: Lighting Build
[2016.01.30-18.06.56:103][  0]MapCheck: New page: Map Check
[2016.01.30-18.06.56:103][  0]LightingResults: New page: Lighting Build
[2016.01.30-18.06.56:158][  0]LogParticles: Destroying 0 GPU particle simulations for FXSystem 0x000000001FDB2AC0
[2016.01.30-18.06.57:656][  0]LogAIModule: Creating AISystem for world ThirdPersonExampleMap
[2016.01.30-18.06.57:690][  0]LogEditorServer: Finished looking for orphan Actors (0.000 secs)
[2016.01.30-18.06.57:692][  0]Cmd: MAP CHECKDEP NOCLEARLOG
[2016.01.30-18.06.57:784][  0]MapCheck: Info Map check complete: 0 Error(s), 0 Warning(s), took 91.324ms to complete.
[2016.01.30-18.06.57:784][  0]LogFileHelpers: Loading map 'ThirdPersonExampleMap' took 1.691
[2016.01.30-18.06.57:960][  0]LogCollectionManager: Loaded 0 collections in 0.003122 seconds
[2016.01.30-18.06.58:018][  0]LogFileCache: Scanning file cache for directory 'C:/Users/srayl/Documents/GitHub/GGJ_2016/GGJ_2016/Saved/Collections/' took 0.01s
[2016.01.30-18.06.58:018][  0]LogFileCache: Scanning file cache for directory 'C:/Users/srayl/Documents/GitHub/GGJ_2016/GGJ_2016/Content/Developers/srayl/Collections/' took 0.01s
[2016.01.30-18.06.58:018][  0]LogFileCache: Scanning file cache for directory 'C:/Users/srayl/Documents/GitHub/GGJ_2016/GGJ_2016/Content/Collections/' took 0.01s
[2016.01.30-18.06.58:018][  0]LogCollectionManager: Rebuilt the GUID cache for 0 collections in 0.000002 seconds
[2016.01.30-18.06.58:030][  0]LogContentBrowser: Native class hierarchy populated in 0.0108 seconds. Added 1893 classes and 338 folders.
[2016.01.30-18.06.58:041][  0]LogContentBrowser: Native class hierarchy updated for 'WidgetCarousel' in 0.0004 seconds. Added 0 classes and 0 folders.
[2016.01.30-18.06.58:368][  0]LogContentBrowser: Native class hierarchy updated for 'AddContentDialog' in 0.0008 seconds. Added 0 classes and 0 folders.
[2016.01.30-18.06.58:400][  0]LogContentBrowser: Native class hierarchy updated for 'SceneOutliner' in 0.0006 seconds. Added 1 classes and 2 folders.
[2016.01.30-18.06.58:488][  0]LogCrashTracker: Crashtracker disabled due to settings.
[2016.01.30-18.06.58:500][  0]LogUObjectGlobals:Warning: Failed to find object 'Class None.'
[2016.01.30-18.06.58:525][  0]LogLoad: Full Startup: 11.54 seconds (BP compile: 0.20 seconds)
[2016.01.30-18.06.58:867][  0]LogOcInput: Can't find Oculus library dev build: is proper Runtime installed? Version: 0.8.0.0
[2016.01.30-18.06.59:048][  0]LogContentStreaming: Texture pool size now 1000 MB
[2016.01.30-18.06.59:773][  0]LogRenderer: Reallocating scene render targets to support 712x368 (Frame:2).
[2016.01.30-18.07.01:074][  5]LogAssetRegistry: Asset discovery search completed in 7.3271 seconds
[2016.01.30-18.07.01:074][  5]LogCollectionManager: Rebuilt the object cache for 0 collections in 0.000001 seconds (found 0 objects)
[2016.01.30-18.07.01:074][  5]LogCollectionManager: Fixed up redirectors for 0 collections in 0.000022 seconds (updated 0 objects)
[2016.01.30-18.12.43:337][175]LogActorComponent: UnregisterComponent: (/Engine/Transient.CharMoveComp) Not registered. Aborting.
[2016.01.30-18.12.43:791][176]Cmd: QUIT_EDITOR
[2016.01.30-18.12.44:034][176]LogExit: Preparing to exit.
[2016.01.30-18.12.44:868][176]LogExit: Editor shut down
[2016.01.30-18.12.44:868][176]LogExit: Transaction tracking system shut down
[2016.01.30-18.12.44:870][176]LogParticles: Destroying 0 GPU particle simulations for FXSystem 0x000000001162D4E0
[2016.01.30-18.12.44:871][176]LogParticles: Destroying 0 GPU particle simulations for FXSystem 0x0000000024794E00
[2016.01.30-18.12.45:071][176]LogParticles: Destroying 0 GPU particle simulations for FXSystem 0x0000000027B1D9E0
[2016.01.30-18.12.45:071][176]LogParticles: Destroying 0 GPU particle simulations for FXSystem 0x0000000024797A60
[2016.01.30-18.12.45:071][176]LogParticles: Destroying 0 GPU particle simulations for FXSystem 0x00000000278E1300
[2016.01.30-18.12.45:071][176]LogParticles: Destroying 0 GPU particle simulations for FXSystem 0x00000000278E1D00
[2016.01.30-18.12.45:071][176]LogParticles: Destroying 0 GPU particle simulations for FXSystem 0x00000000386D54E0
[2016.01.30-18.12.45:071][176]LogExit: Object subsystem successfully closed.
[2016.01.30-18.12.45:097][176]LogD3D11RHI: Shutdown
[2016.01.30-18.12.45:097][176]LogD3D11RHI: CleanupD3DDevice
[2016.01.30-18.12.45:299][176]LogD3D11RHI: ~FD3D11DynamicRHI
[2016.01.30-18.12.45:325][176]LogModuleManager: Shutting down and abandoning module CrashTracker (198)
[2016.01.30-18.12.45:325][176]LogModuleManager: Shutting down and abandoning module SceneOutliner (197)
[2016.01.30-18.12.45:325][176]LogModuleManager: Shutting down and abandoning module SuperSearch (196)
[2016.01.30-18.12.45:325][176]LogModuleManager: Shutting down and abandoning module WidgetCarousel (195)
[2016.01.30-18.12.45:325][176]LogModuleManager: Shutting down and abandoning module AddContentDialog (194)
[2016.01.30-18.12.45:329][176]LogModuleManager: Shutting down and abandoning module EditorWidgets (193)
[2016.01.30-18.12.45:329][176]LogModuleManager: Shutting down and abandoning module CollectionManager (192)
[2016.01.30-18.12.45:329][176]LogModuleManager: Shutting down and abandoning module StatsViewer (191)
[2016.01.30-18.12.45:330][176]LogModuleManager: Shutting down and abandoning module FoliageEdit (190)
[2016.01.30-18.12.45:330][176]LogModuleManager: Shutting down and abandoning module LandscapeEditor (189)
[2016.01.30-18.12.45:330][176]LogModuleManager: Shutting down and abandoning module ActorPickerMode (188)
[2016.01.30-18.12.45:330][176]LogModuleManager: Shutting down and abandoning module GeometryMode (187)
[2016.01.30-18.12.45:330][176]LogModuleManager: Shutting down and abandoning module TextureAlignMode (186)
[2016.01.30-18.12.45:330][176]LogModuleManager: Shutting down and abandoning module BspMode (185)
[2016.01.30-18.12.45:330][176]LogModuleManager: Shutting down and abandoning module PlacementMode (184)
[2016.01.30-18.12.45:330][176]LogModuleManager: Shutting down and abandoning module AutomationWorker (183)
[2016.01.30-18.12.45:330][176]LogModuleManager: Shutting down and abandoning module CharacterAI (182)
[2016.01.30-18.12.45:330][176]LogModuleManager: Shutting down and abandoning module SmartSnapping (181)
[2016.01.30-18.12.45:330][176]LogModuleManager: Shutting down and abandoning module ViewportSnapping (180)
[2016.01.30-18.12.45:330][176]LogModuleManager: Shutting down and abandoning module LogVisualizer (179)
[2016.01.30-18.12.45:330][176]LogModuleManager: Shutting down and abandoning module GameProjectGeneration (178)
[2016.01.30-18.12.45:330][176]LogModuleManager: Shutting down and abandoning module IntroTutorials (177)
[2016.01.30-18.12.45:330][176]LogModuleManager: Shutting down and abandoning module EditorLiveStreaming (176)
[2016.01.30-18.12.45:330][176]LogModuleManager: Shutting down and abandoning module IOSPlatformEditor (175)
[2016.01.30-18.12.45:330][176]LogModuleManager: Shutting down and abandoning module HTML5PlatformEditor (174)
[2016.01.30-18.12.45:330][176]LogModuleManager: Shutting down and abandoning module AndroidDeviceDetection (173)
[2016.01.30-18.12.45:780][176]LogModuleManager: Shutting down and abandoning module AndroidPlatformEditor (172)
[2016.01.30-18.12.45:780][176]LogModuleManager: Shutting down and abandoning module IOSRuntimeSettings (171)
[2016.01.30-18.12.45:780][176]LogModuleManager: Shutting down and abandoning module AndroidRuntimeSettings (170)
[2016.01.30-18.12.45:780][176]LogModuleManager: Shutting down and abandoning module MergeActors (169)
[2016.01.30-18.12.45:780][176]LogModuleManager: Shutting down and abandoning module SizeMap (168)
[2016.01.30-18.12.45:780][176]LogModuleManager: Shutting down and abandoning module TreeMap (167)
[2016.01.30-18.12.45:780][176]LogModuleManager: Shutting down and abandoning module ReferenceViewer (166)
[2016.01.30-18.12.45:780][176]LogModuleManager: Shutting down and abandoning module LocalizationService (165)
[2016.01.30-18.12.45:780][176]LogModuleManager: Shutting down and abandoning module LocalizationDashboard (164)
[2016.01.30-18.12.45:780][176]LogModuleManager: Shutting down and abandoning module HardwareTargeting (163)
[2016.01.30-18.12.45:780][176]LogModuleManager: Shutting down and abandoning module DeviceProfileEditor (162)
[2016.01.30-18.12.45:780][176]LogModuleManager: Shutting down and abandoning module UndoHistory (161)
[2016.01.30-18.12.45:780][176]LogModuleManager: Shutting down and abandoning module GameplayTagsEditor (160)
[2016.01.30-18.12.45:780][176]LogModuleManager: Shutting down and abandoning module UserFeedback (159)
[2016.01.30-18.12.45:780][176]LogModuleManager: Shutting down and abandoning module XmlParser (158)
[2016.01.30-18.12.45:780][176]LogModuleManager: Shutting down and abandoning module Blutility (157)
[2016.01.30-18.12.45:780][176]LogModuleManager: Shutting down and abandoning module ProjectTargetPlatformEditor (156)
[2016.01.30-18.12.45:780][176]LogModuleManager: Shutting down and abandoning module ProjectSettingsViewer (155)
[2016.01.30-18.12.45:780][176]LogModuleManager: Shutting down and abandoning module InputBindingEditor (154)
[2016.01.30-18.12.45:781][176]LogModuleManager: Shutting down and abandoning module EditorSettingsViewer (153)
[2016.01.30-18.12.45:781][176]LogModuleManager: Shutting down and abandoning module SettingsEditor (152)
[2016.01.30-18.12.45:781][176]LogModuleManager: Shutting down and abandoning module ProjectLauncher (151)
[2016.01.30-18.12.45:781][176]LogModuleManager: Shutting down and abandoning module SessionFrontend (150)
[2016.01.30-18.12.45:781][176]LogModuleManager: Shutting down and abandoning module ProfilerClient (149)
[2016.01.30-18.12.45:781][176]LogModuleManager: Shutting down and abandoning module TargetDeviceServices (148)
[2016.01.30-18.12.45:781][176]LogModuleManager: Shutting down and abandoning module DeviceManager (147)
[2016.01.30-18.12.45:781][176]LogModuleManager: Shutting down and abandoning module AutomationController (146)
[2016.01.30-18.12.45:781][176]LogModuleManager: Shutting down and abandoning module AutomationWindow (145)
[2016.01.30-18.12.45:781][176]LogModuleManager: Shutting down and abandoning module Layers (144)
[2016.01.30-18.12.45:781][176]LogModuleManager: Shutting down and abandoning module ComponentVisualizers (143)
[2016.01.30-18.12.45:781][176]LogModuleManager: Shutting down and abandoning module DetailCustomizations (142)
[2016.01.30-18.12.45:781][176]LogModuleManager: Shutting down and abandoning module PackagesDialog (141)
[2016.01.30-18.12.45:781][176]LogModuleManager: Shutting down and abandoning module Persona (140)
[2016.01.30-18.12.45:781][176]LogModuleManager: Shutting down and abandoning module Kismet (139)
[2016.01.30-18.12.45:781][176]LogModuleManager: Shutting down and abandoning module GraphEditor (138)
[2016.01.30-18.12.45:796][176]LogModuleManager: Shutting down and abandoning module ClassViewer (137)
[2016.01.30-18.12.45:796][176]LogModuleManager: Shutting down and abandoning module Toolbox (136)
[2016.01.30-18.12.45:796][176]LogModuleManager: Shutting down and abandoning module ModuleUI (135)
[2016.01.30-18.12.45:796][176]LogModuleManager: Shutting down and abandoning module MovieSceneTools (134)
[2016.01.30-18.12.45:796][176]LogModuleManager: Shutting down and abandoning module OutputLog (133)
[2016.01.30-18.12.45:796][176]LogModuleManager: Shutting down and abandoning module GammaUI (132)
[2016.01.30-18.12.45:796][176]LogModuleManager: Shutting down and abandoning module Documentation (131)
[2016.01.30-18.12.45:796][176]LogModuleManager: Shutting down and abandoning module GameLiveStreaming (130)
[2016.01.30-18.12.45:796][176]LogModuleManager: Shutting down and abandoning module StreamingPauseRendering (129)
[2016.01.30-18.12.45:796][176]LogModuleManager: Shutting down and abandoning module AnalyticsET (128)
[2016.01.30-18.12.45:796][176]LogModuleManager: Shutting down and abandoning module Analytics (127)
[2016.01.30-18.12.45:796][176]LogModuleManager: Shutting down and abandoning module AITestSuite (126)
[2016.01.30-18.12.45:796][176]LogModuleManager: Shutting down and abandoning module GameplayDebugger (125)
[2016.01.30-18.12.45:796][176]LogModuleManager: Shutting down and abandoning module AIModule (124)
[2016.01.30-18.12.45:797][176]LogModuleManager: Shutting down and abandoning module ProfilerService (123)
[2016.01.30-18.12.46:021][176]LogModuleManager: Shutting down and abandoning module TaskGraph (122)
[2016.01.30-18.12.46:021][176]LogModuleManager: Shutting down and abandoning module SlateRemote (121)
[2016.01.30-18.12.46:021][176]LogModuleManager: Shutting down and abandoning module SteamVRController (120)
[2016.01.30-18.12.46:021][176]LogModuleManager: Shutting down and abandoning module SteamVR (119)
[2016.01.30-18.12.46:021][176]LogModuleManager: Shutting down and abandoning module ProceduralMeshComponent (118)
[2016.01.30-18.12.46:021][176]LogModuleManager: Shutting down and abandoning module OculusLibrary (117)
[2016.01.30-18.12.46:021][176]LogModuleManager: Shutting down and abandoning module OculusInput (116)
[2016.01.30-18.12.46:021][176]LogModuleManager: Shutting down and abandoning module LeapMotionController (115)
[2016.01.30-18.12.46:047][176]LogModuleManager: Shutting down and abandoning module CustomMeshComponent (114)
[2016.01.30-18.12.46:047][176]LogModuleManager: Shutting down and abandoning module CableComponent (113)
[2016.01.30-18.12.46:047][176]LogModuleManager: Shutting down and abandoning module ArchVisCharacter (112)
[2016.01.30-18.12.46:047][176]LogModuleManager: Shutting down and abandoning module MessagingDebugger (111)
[2016.01.30-18.12.46:047][176]LogModuleManager: Shutting down and abandoning module MediaPlayerEditor (110)
[2016.01.30-18.12.46:047][176]LogModuleManager: Shutting down and abandoning module HTML5Networking (109)
[2016.01.30-18.12.46:047][176]LogModuleManager: Shutting down and abandoning module SpeedTreeImporter (108)
[2016.01.30-18.12.46:047][176]LogModuleManager: Shutting down and abandoning module PluginBrowser (107)
[2016.01.30-18.12.46:047][176]LogModuleManager: Shutting down and abandoning module EpicSurvey (106)
[2016.01.30-18.12.46:048][176]LogModuleManager: Shutting down and abandoning module DesktopPlatform (105)
[2016.01.30-18.12.46:048][176]LogModuleManager: Shutting down and abandoning module VisualStudioSourceCodeAccess (104)
[2016.01.30-18.12.46:048][176]LogModuleManager: Shutting down and abandoning module UObjectPlugin (103)
[2016.01.30-18.12.46:048][176]LogModuleManager: Shutting down and abandoning module SubversionSourceControl (102)
[2016.01.30-18.12.46:048][176]LogModuleManager: Shutting down and abandoning module PerforceSourceControl (101)
[2016.01.30-18.12.46:048][176]LogModuleManager: Shutting down and abandoning module SourceControl (100)
[2016.01.30-18.12.46:048][176]LogModuleManager: Shutting down and abandoning module GitSourceControl (99)
[2016.01.30-18.12.46:048][176]LogModuleManager: Shutting down and abandoning module LightPropagationVolumeEditor (98)
[2016.01.30-18.12.46:048][176]LogModuleManager: Shutting down and abandoning module PaperTiledImporter (97)
[2016.01.30-18.12.46:048][176]LogModuleManager: Shutting down and abandoning module PaperSpriteSheetImporter (96)
[2016.01.30-18.12.46:048][176]LogModuleManager: Shutting down and abandoning module MeshPaint (95)
[2016.01.30-18.12.46:048][176]LogModuleManager: Shutting down and abandoning module SlateReflector (94)
[2016.01.30-18.12.46:048][176]LogModuleManager: Shutting down and abandoning module HotReload (93)
[2016.01.30-18.12.46:048][176]LogModuleManager: Shutting down and abandoning module MainFrame (92)
[2016.01.30-18.12.46:048][176]LogModuleManager: Shutting down and abandoning module LevelEditor (91)
[2016.01.30-18.12.46:050][176]LogModuleManager: Shutting down and abandoning module DirectoryWatcher (90)
[2016.01.30-18.12.46:052][176]LogModuleManager: Shutting down and abandoning module AssetRegistry (89)
[2016.01.30-18.12.46:169][176]LogModuleManager: Shutting down and abandoning module ContentBrowser (88)
[2016.01.30-18.12.46:170][176]LogModuleManager: Shutting down and abandoning module Paper2DEditor (87)
[2016.01.30-18.12.46:170][176]LogModuleManager: Shutting down and abandoning module UdpMessaging (86)
[2016.01.30-18.12.46:270][176]LogModuleManager: Shutting down and abandoning module LightPropagationVolumeRuntime (85)
[2016.01.30-18.12.46:270][176]LogModuleManager: Shutting down and abandoning module Paper2D (84)
[2016.01.30-18.12.46:270][176]LogModuleManager: Shutting down and abandoning module WindowsMoviePlayer (83)
[2016.01.30-18.12.46:275][176]LogModuleManager: Shutting down and abandoning module Media (82)
[2016.01.30-18.12.46:275][176]LogModuleManager: Shutting down and abandoning module WmfMedia (81)
[2016.01.30-18.12.46:276][176]LogModuleManager: Shutting down and abandoning module OnlineBlueprintSupport (80)
[2016.01.30-18.12.46:276][176]LogModuleManager: Shutting down and abandoning module GameplayTasksEditor (79)
[2016.01.30-18.12.46:276][176]LogModuleManager: Shutting down and abandoning module PropertyEditor (78)
[2016.01.30-18.12.46:276][176]LogModuleManager: Shutting down and abandoning module BehaviorTreeEditor (77)
[2016.01.30-18.12.46:276][176]LogModuleManager: Shutting down and abandoning module FunctionalTesting (76)
[2016.01.30-18.12.46:276][176]LogModuleManager: Shutting down and abandoning module CollisionAnalyzer (75)
[2016.01.30-18.12.46:276][176]LogModuleManager: Shutting down and abandoning module WorkspaceMenuStructure (74)
[2016.01.30-18.12.46:276][176]LogModuleManager: Shutting down and abandoning module MessageLog (73)
[2016.01.30-18.12.46:277][176]LogModuleManager: Shutting down and abandoning module Sequencer (72)
[2016.01.30-18.12.46:277][176]LogModuleManager: Shutting down and abandoning module AssetTools (71)
[2016.01.30-18.12.46:277][176]LogModuleManager: Shutting down and abandoning module UMGEditor (70)
[2016.01.30-18.12.46:277][176]LogModuleManager: Shutting down and abandoning module UMG (69)
[2016.01.30-18.12.46:277][176]LogModuleManager: Shutting down and abandoning module Slate (68)
[2016.01.30-18.12.46:277][176]LogModuleManager: Shutting down and abandoning module EditorStyle (67)
[2016.01.30-18.12.46:280][176]LogModuleManager: Shutting down and abandoning module SessionServices (66)
[2016.01.30-18.12.46:280][176]LogModuleManager: Shutting down and abandoning module SourceCodeAccess (65)
[2016.01.30-18.12.46:280][176]LogModuleManager: Shutting down and abandoning module HeadMountedDisplay (64)
[2016.01.30-18.12.46:280][176]LogModuleManager: Shutting down and abandoning module XAudio2 (63)
[2016.01.30-18.12.46:280][176]LogModuleManager: Shutting down and abandoning module Networking (61)
[2016.01.30-18.12.46:280][176]LogModuleManager: Shutting down and abandoning module Core (60)
[2016.01.30-18.12.46:280][176]LogModuleManager: Shutting down and abandoning module KismetCompiler (59)
[2016.01.30-18.12.46:280][176]LogModuleManager: Shutting down and abandoning module PhysXFormats (58)
[2016.01.30-18.12.46:280][176]LogModuleManager: Shutting down and abandoning module MeshUtilities (57)
[2016.01.30-18.12.46:280][176]LogModuleManager: Shutting down and abandoning module DerivedDataCache (56)
[2016.01.30-18.12.46:287][176]LogDerivedDataCache: Shutdown
[2016.01.30-18.12.46:287][176]LogModuleManager: Shutting down and abandoning module ShaderFormatOpenGL (55)
[2016.01.30-18.12.46:288][176]LogModuleManager: Shutting down and abandoning module ShaderFormatD3D (54)
[2016.01.30-18.12.46:288][176]LogModuleManager: Shutting down and abandoning module MetalShaderFormat (53)
[2016.01.30-18.12.46:288][176]LogModuleManager: Shutting down and abandoning module TextureFormatUncompressed (52)
[2016.01.30-18.12.46:288][176]LogModuleManager: Shutting down and abandoning module TextureFormatPVR (51)
[2016.01.30-18.12.46:288][176]LogModuleManager: Shutting down and abandoning module TextureFormatIntelISPCTexComp (50)
[2016.01.30-18.12.46:288][176]LogModuleManager: Shutting down and abandoning module TextureFormatDXT (49)
[2016.01.30-18.12.46:288][176]LogModuleManager: Shutting down and abandoning module ImageWrapper (48)
[2016.01.30-18.12.46:288][176]LogModuleManager: Shutting down and abandoning module TextureFormatASTC (47)
[2016.01.30-18.12.46:288][176]LogModuleManager: Shutting down and abandoning module TextureFormatAndroid (46)
[2016.01.30-18.12.46:288][176]LogModuleManager: Shutting down and abandoning module AudioFormatOpus (45)
[2016.01.30-18.12.46:288][176]LogModuleManager: Shutting down and abandoning module AudioFormatOgg (44)
[2016.01.30-18.12.46:288][176]LogModuleManager: Shutting down and abandoning module AudioFormatADPCM (43)
[2016.01.30-18.12.46:288][176]LogModuleManager: Shutting down and abandoning module LinuxTargetPlatform (42)
[2016.01.30-18.12.46:288][176]LogModuleManager: Shutting down and abandoning module LinuxServerTargetPlatform (41)
[2016.01.30-18.12.46:288][176]LogModuleManager: Shutting down and abandoning module LinuxNoEditorTargetPlatform (40)
[2016.01.30-18.12.46:288][176]LogModuleManager: Shutting down and abandoning module Messaging (39)
[2016.01.30-18.12.46:288][176]LogModuleManager: Shutting down and abandoning module IOSTargetPlatform (38)
[2016.01.30-18.12.46:288][176]LogModuleManager: Shutting down and abandoning module HTML5TargetPlatform (37)
[2016.01.30-18.12.46:288][176]LogModuleManager: Shutting down and abandoning module Android_PVRTCTargetPlatform (36)
[2016.01.30-18.12.46:288][176]LogModuleManager: Shutting down and abandoning module Android_MultiTargetPlatform (35)
[2016.01.30-18.12.46:288][176]LogModuleManager: Shutting down and abandoning module Android_ETC2TargetPlatform (34)
[2016.01.30-18.12.46:288][176]LogModuleManager: Shutting down and abandoning module Android_ETC1TargetPlatform (33)
[2016.01.30-18.12.46:288][176]LogModuleManager: Shutting down and abandoning module Android_DXTTargetPlatform (32)
[2016.01.30-18.12.46:288][176]LogModuleManager: Shutting down and abandoning module Android_ATCTargetPlatform (31)
[2016.01.30-18.12.46:288][176]LogModuleManager: Shutting down and abandoning module Android_ASTCTargetPlatform (30)
[2016.01.30-18.12.46:289][176]LogModuleManager: Shutting down and abandoning module AndroidTargetPlatform (29)
[2016.01.30-18.12.46:289][176]LogModuleManager: Shutting down and abandoning module WindowsTargetPlatform (28)
[2016.01.30-18.12.46:289][176]LogModuleManager: Shutting down and abandoning module WindowsServerTargetPlatform (27)
[2016.01.30-18.12.46:289][176]LogModuleManager: Shutting down and abandoning module WindowsNoEditorTargetPlatform (26)
[2016.01.30-18.12.46:289][176]LogModuleManager: Shutting down and abandoning module WindowsClientTargetPlatform (25)
[2016.01.30-18.12.46:289][176]LogModuleManager: Shutting down and abandoning module AllDesktopTargetPlatform (24)
[2016.01.30-18.12.46:289][176]LogModuleManager: Shutting down and abandoning module TargetPlatform (23)
[2016.01.30-18.12.46:289][176]LogModuleManager: Shutting down and abandoning module InputCore (22)
[2016.01.30-18.12.46:289][176]LogModuleManager: Shutting down and abandoning module Settings (21)
[2016.01.30-18.12.46:289][176]LogModuleManager: Shutting down and abandoning module OnlineSubsystem (19)
[2016.01.30-18.12.46:289][176]LogModuleManager: Shutting down and abandoning module HTTP (18)
[2016.01.30-18.12.48:292][176]LogModuleManager: Shutting down and abandoning module XMPP (17)
[2016.01.30-18.12.48:292][176]LogModuleManager: Shutting down and abandoning module OculusRift (16)
[2016.01.30-18.12.48:292][176]LogModuleManager: Shutting down and abandoning module ExampleDeviceProfileSelector (15)
[2016.01.30-18.12.48:292][176]LogModuleManager: Shutting down and abandoning module TextureCompressor (14)
[2016.01.30-18.12.48:292][176]LogModuleManager: Shutting down and abandoning module ShaderCore (13)
[2016.01.30-18.12.48:292][176]LogModuleManager: Shutting down and abandoning module Landscape (12)
[2016.01.30-18.12.48:292][176]LogModuleManager: Shutting down and abandoning module SlateRHIRenderer (11)
[2016.01.30-18.12.48:295][176]LogModuleManager: Shutting down and abandoning module OpenGLDrv (10)
[2016.01.30-18.12.48:295][176]LogModuleManager: Shutting down and abandoning module D3D11RHI (9)
[2016.01.30-18.12.48:295][176]LogModuleManager: Shutting down and abandoning module AnimGraphRuntime (8)
[2016.01.30-18.12.48:295][176]LogModuleManager: Shutting down and abandoning module Renderer (7)
[2016.01.30-18.12.48:295][176]LogModuleManager: Shutting down and abandoning module Engine (6)
[2016.01.30-18.12.48:295][176]LogModuleManager: Shutting down and abandoning module CoreUObject (5)
[2016.01.30-18.12.48:295][176]LogModuleManager: Shutting down and abandoning module NetworkFile (4)
[2016.01.30-18.12.48:295][176]LogModuleManager: Shutting down and abandoning module StreamingFile (3)
[2016.01.30-18.12.48:295][176]LogModuleManager: Shutting down and abandoning module SandboxFile (2)
[2016.01.30-18.12.48:295][176]LogModuleManager: Shutting down and abandoning module PakFile (1)
[2016.01.30-18.12.48:296][176]LogExit: Exiting.
[2016.01.30-18.12.48:298][176]Log file closed, 01/30/16 10:12:48
